This is pdfTeX, Version 3.14159265-2.6-1.40.16 (TeX Live 2015/Debian) (preloaded format=pdflatex 2019.7.28)  8 SEP 2019 15:06
entering extended mode
 restricted \write18 enabled.
 %&-line parsing enabled.
**content.tex
(./content.tex
LaTeX2e <2016/02/01>
Babel <3.9q> and hyphenation patterns for 81 language(s) loaded.
! Undefined control sequence.
l.2 \tableofcontents
                    
The control sequence at the end of the top line
of your error message was never \def'ed. If you have
misspelled it (e.g., `\hobx'), type `I' and the correct
spelling (e.g., `I\hbox'). Otherwise just continue,
and I'll forget about whatever was undefined.


! LaTeX Error: The font size command \normalsize is not defined:
               there is probably something wrong with the class file.

See the LaTeX manual or LaTeX Companion for explanation.
Type  H <return>  for immediate help.
 ...                                              
                                                  
l.3 \newpage
            \phantom{}
Your command was ignored.
Type  I <command> <return>  to replace it with another command,
or  <return>  to continue without it.

[1]
! Undefined control sequence.
l.4 \section
            {1. Introduction}
The control sequence at the end of the top line
of your error message was never \def'ed. If you have
misspelled it (e.g., `\hobx'), type `I' and the correct
spelling (e.g., `I\hbox'). Otherwise just continue,
and I'll forget about whatever was undefined.


! LaTeX Error: Missing \begin{document}.

See the LaTeX manual or LaTeX Companion for explanation.
Type  H <return>  for immediate help.
 ...                                              
                                                  
l.4 \section{1
              . Introduction}
You're in trouble here.  Try typing  <return>  to proceed.
If that doesn't work, type  X <return>  to quit.

Missing character: There is no 1 in font nullfont!
Missing character: There is no . in font nullfont!
Missing character: There is no I in font nullfont!
Missing character: There is no n in font nullfont!
Missing character: There is no t in font nullfont!
Missing character: There is no r in font nullfont!
Missing character: There is no o in font nullfont!
Missing character: There is no d in font nullfont!
Missing character: There is no u in font nullfont!
Missing character: There is no c in font nullfont!
Missing character: There is no t in font nullfont!
Missing character: There is no i in font nullfont!
Missing character: There is no o in font nullfont!
Missing character: There is no n in font nullfont!
! Undefined control sequence.
l.5 \section
            {2. Background}
The control sequence at the end of the top line
of your error message was never \def'ed. If you have
misspelled it (e.g., `\hobx'), type `I' and the correct
spelling (e.g., `I\hbox'). Otherwise just continue,
and I'll forget about whatever was undefined.

Missing character: There is no 2 in font nullfont!
Missing character: There is no . in font nullfont!
Missing character: There is no B in font nullfont!
Missing character: There is no a in font nullfont!
Missing character: There is no c in font nullfont!
Missing character: There is no k in font nullfont!
Missing character: There is no g in font nullfont!
Missing character: There is no r in font nullfont!
Missing character: There is no o in font nullfont!
Missing character: There is no u in font nullfont!
Missing character: There is no n in font nullfont!
Missing character: There is no d in font nullfont!
! Undefined control sequence.
l.6 \section
            {3. Testbed description}
The control sequence at the end of the top line
of your error message was never \def'ed. If you have
misspelled it (e.g., `\hobx'), type `I' and the correct
spelling (e.g., `I\hbox'). Otherwise just continue,
and I'll forget about whatever was undefined.

Missing character: There is no 3 in font nullfont!
Missing character: There is no . in font nullfont!
Missing character: There is no T in font nullfont!
Missing character: There is no e in font nullfont!
Missing character: There is no s in font nullfont!
Missing character: There is no t in font nullfont!
Missing character: There is no b in font nullfont!
Missing character: There is no e in font nullfont!
Missing character: There is no d in font nullfont!
Missing character: There is no d in font nullfont!
Missing character: There is no e in font nullfont!
Missing character: There is no s in font nullfont!
Missing character: There is no c in font nullfont!
Missing character: There is no r in font nullfont!
Missing character: There is no i in font nullfont!
Missing character: There is no p in font nullfont!
Missing character: There is no t in font nullfont!
Missing character: There is no i in font nullfont!
Missing character: There is no o in font nullfont!
Missing character: There is no n in font nullfont!
! Undefined control sequence.
l.10 \subsection
                {\hspace*{0.5cm}3.1 Overview of the ns-3 simulator}
The control sequence at the end of the top line
of your error message was never \def'ed. If you have
misspelled it (e.g., `\hobx'), type `I' and the correct
spelling (e.g., `I\hbox'). Otherwise just continue,
and I'll forget about whatever was undefined.

Missing character: There is no 3 in font nullfont!
Missing character: There is no . in font nullfont!
Missing character: There is no 1 in font nullfont!
Missing character: There is no O in font nullfont!
Missing character: There is no v in font nullfont!
Missing character: There is no e in font nullfont!
Missing character: There is no r in font nullfont!
Missing character: There is no v in font nullfont!
Missing character: There is no i in font nullfont!
Missing character: There is no e in font nullfont!
Missing character: There is no w in font nullfont!
Missing character: There is no o in font nullfont!
Missing character: There is no f in font nullfont!
Missing character: There is no t in font nullfont!
Missing character: There is no h in font nullfont!
Missing character: There is no e in font nullfont!
Missing character: There is no n in font nullfont!
Missing character: There is no s in font nullfont!
Missing character: There is no - in font nullfont!
Missing character: There is no 3 in font nullfont!
Missing character: There is no s in font nullfont!
Missing character: There is no i in font nullfont!
Missing character: There is no m in font nullfont!
Missing character: There is no u in font nullfont!
Missing character: There is no l in font nullfont!
Missing character: There is no a in font nullfont!
Missing character: There is no t in font nullfont!
Missing character: There is no o in font nullfont!
Missing character: There is no r in font nullfont!
! Undefined control sequence.
l.13 \subsection
                {\hspace*{0.5cm}3.2 Scenario description}
The control sequence at the end of the top line
of your error message was never \def'ed. If you have
misspelled it (e.g., `\hobx'), type `I' and the correct
spelling (e.g., `I\hbox'). Otherwise just continue,
and I'll forget about whatever was undefined.

Missing character: There is no 3 in font nullfont!
Missing character: There is no . in font nullfont!
Missing character: There is no 2 in font nullfont!
Missing character: There is no S in font nullfont!
Missing character: There is no c in font nullfont!
Missing character: There is no e in font nullfont!
Missing character: There is no n in font nullfont!
Missing character: There is no a in font nullfont!
Missing character: There is no r in font nullfont!
Missing character: There is no i in font nullfont!
Missing character: There is no o in font nullfont!
Missing character: There is no d in font nullfont!
Missing character: There is no e in font nullfont!
Missing character: There is no s in font nullfont!
Missing character: There is no c in font nullfont!
Missing character: There is no r in font nullfont!
Missing character: There is no i in font nullfont!
Missing character: There is no p in font nullfont!
Missing character: There is no t in font nullfont!
Missing character: There is no i in font nullfont!
Missing character: There is no o in font nullfont!
Missing character: There is no n in font nullfont!
! Undefined control sequence.
l.15 \subsubsection
                   {\hspace*{0.5cm}3.2.1 Topology}
The control sequence at the end of the top line
of your error message was never \def'ed. If you have
misspelled it (e.g., `\hobx'), type `I' and the correct
spelling (e.g., `I\hbox'). Otherwise just continue,
and I'll forget about whatever was undefined.

Missing character: There is no 3 in font nullfont!
Missing character: There is no . in font nullfont!
Missing character: There is no 2 in font nullfont!
Missing character: There is no . in font nullfont!
Missing character: There is no 1 in font nullfont!
Missing character: There is no T in font nullfont!
Missing character: There is no o in font nullfont!
Missing character: There is no p in font nullfont!
Missing character: There is no o in font nullfont!
Missing character: There is no l in font nullfont!
Missing character: There is no o in font nullfont!
Missing character: There is no g in font nullfont!
Missing character: There is no y in font nullfont!

! LaTeX Error: Environment figure undefined.

See the LaTeX manual or LaTeX Companion for explanation.
Type  H <return>  for immediate help.
 ...                                              
                                                  
l.17 	\begin{figure}
                    [h]
Your command was ignored.
Type  I <command> <return>  to replace it with another command,
or  <return>  to continue without it.

Missing character: There is no [ in font nullfont!
Missing character: There is no h in font nullfont!
Missing character: There is no ] in font nullfont!
! Undefined control sequence.
l.18 	\includegraphics
                      [scale=0.25]{Images/topology}
The control sequence at the end of the top line
of your error message was never \def'ed. If you have
misspelled it (e.g., `\hobx'), type `I' and the correct
spelling (e.g., `I\hbox'). Otherwise just continue,
and I'll forget about whatever was undefined.

Missing character: There is no [ in font nullfont!
Missing character: There is no s in font nullfont!
Missing character: There is no c in font nullfont!
Missing character: There is no a in font nullfont!
Missing character: There is no l in font nullfont!
Missing character: There is no e in font nullfont!
Missing character: There is no = in font nullfont!
Missing character: There is no 0 in font nullfont!
Missing character: There is no . in font nullfont!
Missing character: There is no 2 in font nullfont!
Missing character: There is no 5 in font nullfont!
Missing character: There is no ] in font nullfont!
Missing character: There is no I in font nullfont!
Missing character: There is no m in font nullfont!
Missing character: There is no a in font nullfont!
Missing character: There is no g in font nullfont!
Missing character: There is no e in font nullfont!
Missing character: There is no s in font nullfont!
Missing character: There is no / in font nullfont!
Missing character: There is no t in font nullfont!
Missing character: There is no o in font nullfont!
Missing character: There is no p in font nullfont!
Missing character: There is no o in font nullfont!
Missing character: There is no l in font nullfont!
Missing character: There is no o in font nullfont!
Missing character: There is no g in font nullfont!
Missing character: There is no y in font nullfont!

! LaTeX Error: \caption outside float.

See the LaTeX manual or LaTeX Companion for explanation.
Type  H <return>  for immediate help.
 ...                                              
                                                  
l.19 	\caption
              {Basic topology}
You're in trouble here.  Try typing  <return>  to proceed.
If that doesn't work, type  X <return>  to quit.

Missing character: There is no B in font nullfont!
Missing character: There is no a in font nullfont!
Missing character: There is no s in font nullfont!
Missing character: There is no i in font nullfont!
Missing character: There is no c in font nullfont!
Missing character: There is no t in font nullfont!
Missing character: There is no o in font nullfont!
Missing character: There is no p in font nullfont!
Missing character: There is no o in font nullfont!
Missing character: There is no l in font nullfont!
Missing character: There is no o in font nullfont!
Missing character: There is no g in font nullfont!
Missing character: There is no y in font nullfont!

! LaTeX Error: \begin{document} ended by \end{figure}.

See the LaTeX manual or LaTeX Companion for explanation.
Type  H <return>  for immediate help.
 ...                                              
                                                  
l.20 	\end{figure}
                  
Your command was ignored.
Type  I <command> <return>  to replace it with another command,
or  <return>  to continue without it.


! LaTeX Error: Environment subsection undefined.

See the LaTeX manual or LaTeX Companion for explanation.
Type  H <return>  for immediate help.
 ...                                              
                                                  
l.21 \begin{subsection}
                       
Your command was ignored.
Type  I <command> <return>  to replace it with another command,
or  <return>  to continue without it.


Overfull \hbox (20.0pt too wide) in paragraph at lines 4--22
[]
 []


Overfull \hbox (30.19861pt too wide) in paragraph at lines 4--22
| \OT1/cmr/m/n/10 Do-
 []


Overfull \hbox (13.33337pt too wide) in paragraph at lines 4--22
\OT1/cmr/m/n/10 ing
 []


Overfull \hbox (15.13889pt too wide) in paragraph at lines 4--22
\OT1/cmr/m/n/10 Re-
 []


Overfull \hbox (35.41669pt too wide) in paragraph at lines 4--22
\OT1/cmr/m/n/10 searches
 []


Overfull \hbox (11.69444pt too wide) in paragraph at lines 4--22
\OT1/cmr/m/n/10 re-
 []


Overfull \hbox (21.97226pt too wide) in paragraph at lines 4--22
\OT1/cmr/m/n/10 quire
 []


Overfull \hbox (28.66673pt too wide) in paragraph at lines 4--22
\OT1/cmr/m/n/10 proper
 []


Overfull \hbox (19.50002pt too wide) in paragraph at lines 4--22
\OT1/cmr/m/n/10 test-
 []


Overfull \hbox (13.33337pt too wide) in paragraph at lines 4--22
\OT1/cmr/m/n/10 ing
 []


Overfull \hbox (13.33334pt too wide) in paragraph at lines 4--22
\OT1/cmr/m/n/10 en-
 []


Overfull \hbox (11.38892pt too wide) in paragraph at lines 4--22
\OT1/cmr/m/n/10 vi-
 []


Overfull \hbox (17.80559pt too wide) in paragraph at lines 4--22
\OT1/cmr/m/n/10 ron-
 []


Overfull \hbox (24.72227pt too wide) in paragraph at lines 4--22
\OT1/cmr/m/n/10 ment,
 []


Overfull \hbox (25.27782pt too wide) in paragraph at lines 4--22
\OT1/cmr/m/n/10 which
 []


Overfull \hbox (6.72223pt too wide) in paragraph at lines 4--22
\OT1/cmr/m/n/10 is
 []


Overfull \hbox (17.77782pt too wide) in paragraph at lines 4--22
\OT1/cmr/m/n/10 able
 []


Overfull \hbox (8.88892pt too wide) in paragraph at lines 4--22
\OT1/cmr/m/n/10 to
 []


Overfull \hbox (15.02782pt too wide) in paragraph at lines 4--22
\OT1/cmr/m/n/10 run
 []


Overfull \hbox (11.69444pt too wide) in paragraph at lines 4--22
\OT1/cmr/m/n/10 re-
 []


Overfull \hbox (27.52783pt too wide) in paragraph at lines 4--22
\OT1/cmr/m/n/10 quired
 []


Overfull \hbox (19.50002pt too wide) in paragraph at lines 4--22
\OT1/cmr/m/n/10 test-
 []


Overfull \hbox (21.77779pt too wide) in paragraph at lines 4--22
\OT1/cmr/m/n/10 cases
 []


Overfull \hbox (16.11116pt too wide) in paragraph at lines 4--22
\OT1/cmr/m/n/10 and
 []


Overfull \hbox (6.72223pt too wide) in paragraph at lines 4--22
\OT1/cmr/m/n/10 is
 []


Overfull \hbox (14.47223pt too wide) in paragraph at lines 4--22
\OT1/cmr/m/n/10 rel-
 []


Overfull \hbox (8.33334pt too wide) in paragraph at lines 4--22
\OT1/cmr/m/n/10 a-
 []


Overfull \hbox (24.16673pt too wide) in paragraph at lines 4--22
\OT1/cmr/m/n/10 tively
 []


Overfull \hbox (21.11115pt too wide) in paragraph at lines 4--22
\OT1/cmr/m/n/10 com-
 []


Overfull \hbox (19.19449pt too wide) in paragraph at lines 4--22
\OT1/cmr/m/n/10 fort-
 []


Overfull \hbox (17.77782pt too wide) in paragraph at lines 4--22
\OT1/cmr/m/n/10 able
 []


Overfull \hbox (8.88892pt too wide) in paragraph at lines 4--22
\OT1/cmr/m/n/10 to
 []


Overfull \hbox (16.72224pt too wide) in paragraph at lines 4--22
\OT1/cmr/m/n/10 use.
 []


Overfull \hbox (17.22224pt too wide) in paragraph at lines 4--22
\OT1/cmr/m/n/10 The
 []


Overfull \hbox (11.38892pt too wide) in paragraph at lines 4--22
\OT1/cmr/m/n/10 vi-
 []


Overfull \hbox (11.6667pt too wide) in paragraph at lines 4--22
\OT1/cmr/m/n/10 tal
 []


Overfull \hbox (22.77785pt too wide) in paragraph at lines 4--22
\OT1/cmr/m/n/10 thing
 []


Overfull \hbox (6.72223pt too wide) in paragraph at lines 4--22
\OT1/cmr/m/n/10 is
 []


Overfull \hbox (18.33339pt too wide) in paragraph at lines 4--22
\OT1/cmr/m/n/10 that
 []


Overfull \hbox (13.88892pt too wide) in paragraph at lines 4--22
\OT1/cmr/m/n/10 the
 []


Overfull \hbox (11.69444pt too wide) in paragraph at lines 4--22
\OT1/cmr/m/n/10 re-
 []


Overfull \hbox (20.11115pt too wide) in paragraph at lines 4--22
\OT1/cmr/m/n/10 sults
 []


Overfull \hbox (21.44449pt too wide) in paragraph at lines 4--22
\OT1/cmr/m/n/10 must
 []


Overfull \hbox (10.2778pt too wide) in paragraph at lines 4--22
\OT1/cmr/m/n/10 be
 []


Overfull \hbox (11.69444pt too wide) in paragraph at lines 4--22
\OT1/cmr/m/n/10 re-
 []


Overfull \hbox (8.8889pt too wide) in paragraph at lines 4--22
\OT1/cmr/m/n/10 li-
 []


Overfull \hbox (17.77782pt too wide) in paragraph at lines 4--22
\OT1/cmr/m/n/10 able
 []


Overfull \hbox (16.11116pt too wide) in paragraph at lines 4--22
\OT1/cmr/m/n/10 and
 []


Overfull \hbox (15.00003pt too wide) in paragraph at lines 4--22
\OT1/cmr/m/n/10 can
 []


Overfull \hbox (17.22226pt too wide) in paragraph at lines 4--22
\OT1/cmr/m/n/10 give
 []


Overfull \hbox (13.33334pt too wide) in paragraph at lines 4--22
\OT1/cmr/m/n/10 de-
 []


Overfull \hbox (20.63892pt too wide) in paragraph at lines 4--22
\OT1/cmr/m/n/10 sired
 []


Overfull \hbox (18.33336pt too wide) in paragraph at lines 4--22
\OT1/cmr/m/n/10 con-
 []


Overfull \hbox (16.11113pt too wide) in paragraph at lines 4--22
\OT1/cmr/m/n/10 clu-
 []


Overfull \hbox (21.22226pt too wide) in paragraph at lines 4--22
\OT1/cmr/m/n/10 sions
 []


Overfull \hbox (25.27786pt too wide) in paragraph at lines 4--22
\OT1/cmr/m/n/10 about
 []


Overfull \hbox (17.80559pt too wide) in paragraph at lines 4--22
\OT1/cmr/m/n/10 par-
 []


Overfull \hbox (14.44446pt too wide) in paragraph at lines 4--22
\OT1/cmr/m/n/10 tic-
 []


Overfull \hbox (8.8889pt too wide) in paragraph at lines 4--22
\OT1/cmr/m/n/10 u-
 []


Overfull \hbox (11.69447pt too wide) in paragraph at lines 4--22
\OT1/cmr/m/n/10 lar
 []


Overfull \hbox (23.36116pt too wide) in paragraph at lines 4--22
\OT1/cmr/m/n/10 prob-
 []


Overfull \hbox (22.27782pt too wide) in paragraph at lines 4--22
\OT1/cmr/m/n/10 lems.
 []


Overfull \hbox (9.16669pt too wide) in paragraph at lines 4--22
\OT1/cmr/m/n/10 In
 []


Overfull \hbox (16.1667pt too wide) in paragraph at lines 4--22
\OT1/cmr/m/n/10 this
 []


Overfull \hbox (17.83334pt too wide) in paragraph at lines 4--22
\OT1/cmr/m/n/10 case
 []


Overfull \hbox (12.83334pt too wide) in paragraph at lines 4--22
\OT1/cmr/m/n/10 ns-
 []


Overfull \hbox (5.00002pt too wide) in paragraph at lines 4--22
\OT1/cmr/m/n/10 3
 []


Overfull \hbox (18.38892pt too wide) in paragraph at lines 4--22
\OT1/cmr/m/n/10 sim-
 []


Overfull \hbox (8.8889pt too wide) in paragraph at lines 4--22
\OT1/cmr/m/n/10 u-
 []


Overfull \hbox (11.11113pt too wide) in paragraph at lines 4--22
\OT1/cmr/m/n/10 la-
 []


Overfull \hbox (12.80559pt too wide) in paragraph at lines 4--22
\OT1/cmr/m/n/10 tor
 []


Overfull \hbox (14.50003pt too wide) in paragraph at lines 4--22
\OT1/cmr/m/n/10 has
 []


Overfull \hbox (20.27782pt too wide) in paragraph at lines 4--22
\OT1/cmr/m/n/10 been
 []


Overfull \hbox (18.05557pt too wide) in paragraph at lines 4--22
\OT1/cmr/m/n/10 cho-
 []


Overfull \hbox (16.72224pt too wide) in paragraph at lines 4--22
\OT1/cmr/m/n/10 sen.
 []


Overfull \hbox (19.50003pt too wide) in paragraph at lines 4--22
\OT1/cmr/m/n/10 This
 []


Overfull \hbox (23.61115pt too wide) in paragraph at lines 4--22
\OT1/cmr/m/n/10 chap-
 []


Overfull \hbox (12.25002pt too wide) in paragraph at lines 4--22
\OT1/cmr/m/n/10 ter
 []


Overfull \hbox (11.38892pt too wide) in paragraph at lines 4--22
\OT1/cmr/m/n/10 fo-
 []


Overfull \hbox (22.33334pt too wide) in paragraph at lines 4--22
\OT1/cmr/m/n/10 cuses
 []


Overfull \hbox (10.55559pt too wide) in paragraph at lines 4--22
\OT1/cmr/m/n/10 on
 []


Overfull \hbox (10.55559pt too wide) in paragraph at lines 4--22
\OT1/cmr/m/n/10 an
 []


Overfull \hbox (37.80562pt too wide) in paragraph at lines 4--22
\OT1/cmr/m/n/10 overview
 []


Overfull \hbox (8.05559pt too wide) in paragraph at lines 4--22
\OT1/cmr/m/n/10 of
 []


Overfull \hbox (16.1667pt too wide) in paragraph at lines 4--22
\OT1/cmr/m/n/10 this
 []


Overfull \hbox (16.9445pt too wide) in paragraph at lines 4--22
\OT1/cmr/m/n/10 tool
 []


Overfull \hbox (16.11116pt too wide) in paragraph at lines 4--22
\OT1/cmr/m/n/10 and
 []


Overfull \hbox (16.16666pt too wide) in paragraph at lines 4--22
\OT1/cmr/m/n/10 sce-
 []


Overfull \hbox (22.25006pt too wide) in paragraph at lines 4--22
\OT1/cmr/m/n/10 nario
 []


Overfull \hbox (17.25002pt too wide) in paragraph at lines 4--22
\OT1/cmr/m/n/10 pre-
 []


Overfull \hbox (24.47227pt too wide) in paragraph at lines 4--22
\OT1/cmr/m/n/10 pared
 []


Overfull \hbox (12.83334pt too wide) in paragraph at lines 4--22
\OT1/cmr/m/n/10 us-
 []


Overfull \hbox (13.33337pt too wide) in paragraph at lines 4--22
\OT1/cmr/m/n/10 ing
 []


Overfull \hbox (9.44447pt too wide) in paragraph at lines 4--22
\OT1/cmr/m/n/10 it.
 []


Overfull \hbox (45.45273pt too wide) in paragraph at lines 4--22
|        | \OT1/cmr/m/n/10 Ns-
 []


Overfull \hbox (5.00002pt too wide) in paragraph at lines 4--22
\OT1/cmr/m/n/10 3
 []


Overfull \hbox (18.38892pt too wide) in paragraph at lines 4--22
\OT1/cmr/m/n/10 sim-
 []


Overfull \hbox (8.8889pt too wide) in paragraph at lines 4--22
\OT1/cmr/m/n/10 u-
 []


Overfull \hbox (11.11113pt too wide) in paragraph at lines 4--22
\OT1/cmr/m/n/10 la-
 []


Overfull \hbox (12.80559pt too wide) in paragraph at lines 4--22
\OT1/cmr/m/n/10 tor
 []


Overfull \hbox (6.72223pt too wide) in paragraph at lines 4--22
\OT1/cmr/m/n/10 is
 []


Overfull \hbox (10.55559pt too wide) in paragraph at lines 4--22
\OT1/cmr/m/n/10 an
 []


Overfull \hbox (20.83339pt too wide) in paragraph at lines 4--22
\OT1/cmr/m/n/10 open
 []


Overfull \hbox (27.30559pt too wide) in paragraph at lines 4--22
\OT1/cmr/m/n/10 source
 []


Overfull \hbox (16.9445pt too wide) in paragraph at lines 4--22
\OT1/cmr/m/n/10 tool
 []


Overfull \hbox (21.13892pt too wide) in paragraph at lines 4--22
\OT1/cmr/m/n/10 writ-
 []


Overfull \hbox (13.88892pt too wide) in paragraph at lines 4--22
\OT1/cmr/m/n/10 ten
 []


Overfull \hbox (8.33336pt too wide) in paragraph at lines 4--22
\OT1/cmr/m/n/10 in
 []


Overfull \hbox (22.77783pt too wide) in paragraph at lines 4--22
\OT1/cmr/m/n/10 C++
 []


Overfull \hbox (17.80559pt too wide) in paragraph at lines 4--22
\OT1/cmr/m/n/10 pro-
 []


Overfull \hbox (25.58339pt too wide) in paragraph at lines 4--22
\OT1/cmr/m/n/10 gram-
 []


Overfull \hbox (21.66673pt too wide) in paragraph at lines 4--22
\OT1/cmr/m/n/10 ming
 []


Overfull \hbox (16.6667pt too wide) in paragraph at lines 4--22
\OT1/cmr/m/n/10 lan-
 []


Overfull \hbox (25.00006pt too wide) in paragraph at lines 4--22
\OT1/cmr/m/n/10 guage
 []


Overfull \hbox (19.44449pt too wide) in paragraph at lines 4--22
\OT1/cmr/m/n/10 with
 []


Overfull \hbox (22.77783pt too wide) in paragraph at lines 4--22
\OT1/cmr/m/n/10 bind-
 []


Overfull \hbox (17.27782pt too wide) in paragraph at lines 4--22
\OT1/cmr/m/n/10 ings
 []


Overfull \hbox (23.33339pt too wide) in paragraph at lines 4--22
\OT1/cmr/m/n/10 avail-
 []


Overfull \hbox (17.77782pt too wide) in paragraph at lines 4--22
\OT1/cmr/m/n/10 able
 []


Overfull \hbox (11.97226pt too wide) in paragraph at lines 4--22
\OT1/cmr/m/n/10 for
 []


Overfull \hbox (42.36124pt too wide) in paragraph at lines 4--22
\OT1/cmr/m/n/10 Python.It
 []


Overfull \hbox (6.72223pt too wide) in paragraph at lines 4--22
\OT1/cmr/m/n/10 is
 []


Overfull \hbox (16.13892pt too wide) in paragraph at lines 4--22
\OT1/cmr/m/n/10 tar-
 []


Overfull \hbox (23.33337pt too wide) in paragraph at lines 4--22
\OT1/cmr/m/n/10 geted
 []


Overfull \hbox (15.58336pt too wide) in paragraph at lines 4--22
\OT1/cmr/m/n/10 pri-
 []


Overfull \hbox (20.58337pt too wide) in paragraph at lines 4--22
\OT1/cmr/m/n/10 mar-
 []


Overfull \hbox (10.83337pt too wide) in paragraph at lines 4--22
\OT1/cmr/m/n/10 ily
 []


Overfull \hbox (11.97226pt too wide) in paragraph at lines 4--22
\OT1/cmr/m/n/10 for
 []


Overfull \hbox (11.69444pt too wide) in paragraph at lines 4--22
\OT1/cmr/m/n/10 re-
 []


Overfull \hbox (27.0278pt too wide) in paragraph at lines 4--22
\OT1/cmr/m/n/10 search
 []


Overfull \hbox (16.11116pt too wide) in paragraph at lines 4--22
\OT1/cmr/m/n/10 and
 []


Overfull \hbox (13.33334pt too wide) in paragraph at lines 4--22
\OT1/cmr/m/n/10 ed-
 []


Overfull \hbox (8.8889pt too wide) in paragraph at lines 4--22
\OT1/cmr/m/n/10 u-
 []


Overfull \hbox (12.77779pt too wide) in paragraph at lines 4--22
\OT1/cmr/m/n/10 ca-
 []


Overfull \hbox (25.00008pt too wide) in paragraph at lines 4--22
\OT1/cmr/m/n/10 tional
 []


Overfull \hbox (13.94446pt too wide) in paragraph at lines 4--22
\OT1/cmr/m/n/10 use
 []


Overfull \hbox (16.11116pt too wide) in paragraph at lines 4--22
\OT1/cmr/m/n/10 and
 []


Overfull \hbox (6.72223pt too wide) in paragraph at lines 4--22
\OT1/cmr/m/n/10 is
 []


Overfull \hbox (14.44447pt too wide) in paragraph at lines 4--22
\OT1/cmr/m/n/10 un-
 []


Overfull \hbox (13.91669pt too wide) in paragraph at lines 4--22
\OT1/cmr/m/n/10 der
 []


Overfull \hbox (8.8889pt too wide) in paragraph at lines 4--22
\OT1/cmr/m/n/10 li-
 []


Overfull \hbox (22.83334pt too wide) in paragraph at lines 4--22
\OT1/cmr/m/n/10 cense
 []


Overfull \hbox (8.05559pt too wide) in paragraph at lines 4--22
\OT1/cmr/m/n/10 of
 []


Overfull \hbox (22.84726pt too wide) in paragraph at lines 4--22
\OT1/cmr/m/n/10 GNU
 []


Overfull \hbox (33.95842pt too wide) in paragraph at lines 4--22
\OT1/cmr/m/n/10 GPLv2.
 []


Overfull \hbox (14.77779pt too wide) in paragraph at lines 4--22
\OT1/cmr/m/n/10 Ns-
 []


Overfull \hbox (5.00002pt too wide) in paragraph at lines 4--22
\OT1/cmr/m/n/10 3
 []


Overfull \hbox (6.72223pt too wide) in paragraph at lines 4--22
\OT1/cmr/m/n/10 is
 []


Overfull \hbox (5.00002pt too wide) in paragraph at lines 4--22
\OT1/cmr/m/n/10 a
 []


Overfull \hbox (36.75003pt too wide) in paragraph at lines 4--22
\OT1/cmr/m/n/10 discrete-
 []


Overfull \hbox (23.05559pt too wide) in paragraph at lines 4--22
\OT1/cmr/m/n/10 event
 []


Overfull \hbox (18.38892pt too wide) in paragraph at lines 4--22
\OT1/cmr/m/n/10 sim-
 []


Overfull \hbox (8.8889pt too wide) in paragraph at lines 4--22
\OT1/cmr/m/n/10 u-
 []


Overfull \hbox (11.11113pt too wide) in paragraph at lines 4--22
\OT1/cmr/m/n/10 la-
 []


Overfull \hbox (15.58337pt too wide) in paragraph at lines 4--22
\OT1/cmr/m/n/10 tor,
 []


Overfull \hbox (8.94446pt too wide) in paragraph at lines 4--22
\OT1/cmr/m/n/10 so
 []


Overfull \hbox (22.50006pt too wide) in paragraph at lines 4--22
\OT1/cmr/m/n/10 mod-
 []


Overfull \hbox (11.16667pt too wide) in paragraph at lines 4--22
\OT1/cmr/m/n/10 els
 []


Overfull \hbox (13.88892pt too wide) in paragraph at lines 4--22
\OT1/cmr/m/n/10 the
 []


Overfull \hbox (13.88892pt too wide) in paragraph at lines 4--22
\OT1/cmr/m/n/10 op-
 []


Overfull \hbox (11.69444pt too wide) in paragraph at lines 4--22
\OT1/cmr/m/n/10 er-
 []


Overfull \hbox (8.33334pt too wide) in paragraph at lines 4--22
\OT1/cmr/m/n/10 a-
 []


Overfull \hbox (17.22227pt too wide) in paragraph at lines 4--22
\OT1/cmr/m/n/10 tion
 []


Overfull \hbox (8.05559pt too wide) in paragraph at lines 4--22
\OT1/cmr/m/n/10 of
 []


Overfull \hbox (5.00002pt too wide) in paragraph at lines 4--22
\OT1/cmr/m/n/10 a
 []


Overfull \hbox (16.50002pt too wide) in paragraph at lines 4--22
\OT1/cmr/m/n/10 sys-
 []


Overfull \hbox (16.6667pt too wide) in paragraph at lines 4--22
\OT1/cmr/m/n/10 tem
 []


Overfull \hbox (8.94446pt too wide) in paragraph at lines 4--22
\OT1/cmr/m/n/10 as
 []


Overfull \hbox (5.00002pt too wide) in paragraph at lines 4--22
\OT1/cmr/m/n/10 a
 []


Overfull \hbox (15.61113pt too wide) in paragraph at lines 4--22
\OT1/cmr/m/n/10 dis-
 []


Overfull \hbox (21.1389pt too wide) in paragraph at lines 4--22
\OT1/cmr/m/n/10 crete
 []


Overfull \hbox (11.72221pt too wide) in paragraph at lines 4--22
\OT1/cmr/m/n/10 se-
 []


Overfull \hbox (29.72226pt too wide) in paragraph at lines 4--22
\OT1/cmr/m/n/10 quence
 []


Overfull \hbox (8.05559pt too wide) in paragraph at lines 4--22
\OT1/cmr/m/n/10 of
 []


Overfull \hbox (27.00003pt too wide) in paragraph at lines 4--22
\OT1/cmr/m/n/10 events
 []


Overfull \hbox (8.33336pt too wide) in paragraph at lines 4--22
\OT1/cmr/m/n/10 in
 []


Overfull \hbox (22.22227pt too wide) in paragraph at lines 4--22
\OT1/cmr/m/n/10 time.
 []


Overfull \hbox (12.50002pt too wide) in paragraph at lines 4--22
\OT1/cmr/m/n/10 In-
 []


Overfull \hbox (15.58334pt too wide) in paragraph at lines 4--22
\OT1/cmr/m/n/10 ter-
 []


Overfull \hbox (16.94447pt too wide) in paragraph at lines 4--22
\OT1/cmr/m/n/10 face
 []


Overfull \hbox (8.05559pt too wide) in paragraph at lines 4--22
\OT1/cmr/m/n/10 of
 []


Overfull \hbox (16.1667pt too wide) in paragraph at lines 4--22
\OT1/cmr/m/n/10 this
 []


Overfull \hbox (16.9445pt too wide) in paragraph at lines 4--22
\OT1/cmr/m/n/10 tool
 []


Overfull \hbox (13.36113pt too wide) in paragraph at lines 4--22
\OT1/cmr/m/n/10 are
 []


Overfull \hbox (16.72224pt too wide) in paragraph at lines 4--22
\OT1/cmr/m/n/10 files
 []


Overfull \hbox (19.44449pt too wide) in paragraph at lines 4--22
\OT1/cmr/m/n/10 with
 []


Overfull \hbox (13.05557pt too wide) in paragraph at lines 4--22
\OT1/cmr/m/n/10 ex-
 []


Overfull \hbox (17.22224pt too wide) in paragraph at lines 4--22
\OT1/cmr/m/n/10 ten-
 []


Overfull \hbox (17.27782pt too wide) in paragraph at lines 4--22
\OT1/cmr/m/n/10 sion
 []


Overfull \hbox (8.05559pt too wide) in paragraph at lines 4--22
\OT1/cmr/m/n/10 of
 []


Overfull \hbox (14.44446pt too wide) in paragraph at lines 4--22
\OT1/cmr/m/n/10 'cc'
 []


Overfull \hbox (8.91669pt too wide) in paragraph at lines 4--22
\OT1/cmr/m/n/10 or
 []


Overfull \hbox (18.88895pt too wide) in paragraph at lines 4--22
\OT1/cmr/m/n/10 'py',
 []


Overfull \hbox (8.94446pt too wide) in paragraph at lines 4--22
\OT1/cmr/m/n/10 so
 []


Overfull \hbox (22.50006pt too wide) in paragraph at lines 4--22
\OT1/cmr/m/n/10 mod-
 []


Overfull \hbox (11.16667pt too wide) in paragraph at lines 4--22
\OT1/cmr/m/n/10 els
 []


Overfull \hbox (16.11116pt too wide) in paragraph at lines 4--22
\OT1/cmr/m/n/10 and
 []


Overfull \hbox (18.38892pt too wide) in paragraph at lines 4--22
\OT1/cmr/m/n/10 sim-
 []


Overfull \hbox (8.8889pt too wide) in paragraph at lines 4--22
\OT1/cmr/m/n/10 u-
 []


Overfull \hbox (11.11113pt too wide) in paragraph at lines 4--22
\OT1/cmr/m/n/10 la-
 []


Overfull \hbox (21.16672pt too wide) in paragraph at lines 4--22
\OT1/cmr/m/n/10 tions
 []


Overfull \hbox (13.36113pt too wide) in paragraph at lines 4--22
\OT1/cmr/m/n/10 are
 []


Overfull \hbox (11.66669pt too wide) in paragraph at lines 4--22
\OT1/cmr/m/n/10 di-
 []


Overfull \hbox (24.75005pt too wide) in paragraph at lines 4--22
\OT1/cmr/m/n/10 rectly
 []


Overfull \hbox (21.13892pt too wide) in paragraph at lines 4--22
\OT1/cmr/m/n/10 writ-
 []


Overfull \hbox (13.88892pt too wide) in paragraph at lines 4--22
\OT1/cmr/m/n/10 ten
 []


Overfull \hbox (8.33336pt too wide) in paragraph at lines 4--22
\OT1/cmr/m/n/10 in
 []


Overfull \hbox (22.77783pt too wide) in paragraph at lines 4--22
\OT1/cmr/m/n/10 C++
 []


Overfull \hbox (8.91669pt too wide) in paragraph at lines 4--22
\OT1/cmr/m/n/10 or
 []


Overfull \hbox (32.08344pt too wide) in paragraph at lines 4--22
\OT1/cmr/m/n/10 Python
 []


Overfull \hbox (17.80559pt too wide) in paragraph at lines 4--22
\OT1/cmr/m/n/10 pro-
 []


Overfull \hbox (25.58339pt too wide) in paragraph at lines 4--22
\OT1/cmr/m/n/10 gram-
 []


Overfull \hbox (21.66673pt too wide) in paragraph at lines 4--22
\OT1/cmr/m/n/10 ming
 []


Overfull \hbox (16.6667pt too wide) in paragraph at lines 4--22
\OT1/cmr/m/n/10 lan-
 []


Overfull \hbox (31.72229pt too wide) in paragraph at lines 4--22
\OT1/cmr/m/n/10 guages.
 []


Overfull \hbox (20.00005pt too wide) in paragraph at lines 4--22
\OT1/cmr/m/n/10 Sim-
 []


Overfull \hbox (8.8889pt too wide) in paragraph at lines 4--22
\OT1/cmr/m/n/10 u-
 []


Overfull \hbox (11.11113pt too wide) in paragraph at lines 4--22
\OT1/cmr/m/n/10 la-
 []


Overfull \hbox (23.9445pt too wide) in paragraph at lines 4--22
\OT1/cmr/m/n/10 tion's
 []


Overfull \hbox (27.00003pt too wide) in paragraph at lines 4--22
\OT1/cmr/m/n/10 events
 []


Overfull \hbox (13.36113pt too wide) in paragraph at lines 4--22
\OT1/cmr/m/n/10 are
 []


Overfull \hbox (13.05557pt too wide) in paragraph at lines 4--22
\OT1/cmr/m/n/10 ex-
 []


Overfull \hbox (7.77777pt too wide) in paragraph at lines 4--22
\OT1/cmr/m/n/10 e-
 []


Overfull \hbox (23.88893pt too wide) in paragraph at lines 4--22
\OT1/cmr/m/n/10 cuted
 []


Overfull \hbox (8.33336pt too wide) in paragraph at lines 4--22
\OT1/cmr/m/n/10 in
 []


Overfull \hbox (12.25002pt too wide) in paragraph at lines 4--22
\OT1/cmr/m/n/10 or-
 []


Overfull \hbox (13.91669pt too wide) in paragraph at lines 4--22
\OT1/cmr/m/n/10 der
 []


Overfull \hbox (25.27782pt too wide) in paragraph at lines 4--22
\OT1/cmr/m/n/10 which
 []


Overfull \hbox (6.72223pt too wide) in paragraph at lines 4--22
\OT1/cmr/m/n/10 is
 []


Overfull \hbox (13.33334pt too wide) in paragraph at lines 4--22
\OT1/cmr/m/n/10 de-
 []


Overfull \hbox (15.58334pt too wide) in paragraph at lines 4--22
\OT1/cmr/m/n/10 ter-
 []


Overfull \hbox (26.66673pt too wide) in paragraph at lines 4--22
\OT1/cmr/m/n/10 mined
 []


Overfull \hbox (10.55559pt too wide) in paragraph at lines 4--22
\OT1/cmr/m/n/10 by
 []


Overfull \hbox (27.00002pt too wide) in paragraph at lines 4--22
\OT1/cmr/m/n/10 sched-
 []


Overfull \hbox (16.69447pt too wide) in paragraph at lines 4--22
\OT1/cmr/m/n/10 uler
 []


Overfull \hbox (16.11116pt too wide) in paragraph at lines 4--22
\OT1/cmr/m/n/10 and
 []


Overfull \hbox (13.88892pt too wide) in paragraph at lines 4--22
\OT1/cmr/m/n/10 the
 []


Overfull \hbox (18.38892pt too wide) in paragraph at lines 4--22
\OT1/cmr/m/n/10 sim-
 []


Overfull \hbox (8.8889pt too wide) in paragraph at lines 4--22
\OT1/cmr/m/n/10 u-
 []


Overfull \hbox (11.11113pt too wide) in paragraph at lines 4--22
\OT1/cmr/m/n/10 la-
 []


Overfull \hbox (17.22227pt too wide) in paragraph at lines 4--22
\OT1/cmr/m/n/10 tion
 []


Overfull \hbox (22.33337pt too wide) in paragraph at lines 4--22
\OT1/cmr/m/n/10 stops
 []


Overfull \hbox (22.77782pt too wide) in paragraph at lines 4--22
\OT1/cmr/m/n/10 when
 []


Overfull \hbox (10.55559pt too wide) in paragraph at lines 4--22
\OT1/cmr/m/n/10 all
 []


Overfull \hbox (8.05559pt too wide) in paragraph at lines 4--22
\OT1/cmr/m/n/10 of
 []


Overfull \hbox (13.88892pt too wide) in paragraph at lines 4--22
\OT1/cmr/m/n/10 the
 []


Overfull \hbox (27.00003pt too wide) in paragraph at lines 4--22
\OT1/cmr/m/n/10 events
 []


Overfull \hbox (14.44447pt too wide) in paragraph at lines 4--22
\OT1/cmr/m/n/10 fin-
 []


Overfull \hbox (15.05559pt too wide) in paragraph at lines 4--22
\OT1/cmr/m/n/10 ish.
 []


Overfull \hbox (25.58336pt too wide) in paragraph at lines 4--22
\OT1/cmr/m/n/10 There
 []


Overfull \hbox (6.72223pt too wide) in paragraph at lines 4--22
\OT1/cmr/m/n/10 is
 []


Overfull \hbox (5.00002pt too wide) in paragraph at lines 4--22
\OT1/cmr/m/n/10 a
 []


Overfull \hbox (18.61115pt too wide) in paragraph at lines 4--22
\OT1/cmr/m/n/10 doc-
 []


Overfull \hbox (8.8889pt too wide) in paragraph at lines 4--22
\OT1/cmr/m/n/10 u-
 []


Overfull \hbox (21.6667pt too wide) in paragraph at lines 4--22
\OT1/cmr/m/n/10 men-
 []


Overfull \hbox (12.22224pt too wide) in paragraph at lines 4--22
\OT1/cmr/m/n/10 ta-
 []


Overfull \hbox (17.22227pt too wide) in paragraph at lines 4--22
\OT1/cmr/m/n/10 tion
 []


Overfull \hbox (11.97226pt too wide) in paragraph at lines 4--22
\OT1/cmr/m/n/10 for
 []


Overfull \hbox (12.83334pt too wide) in paragraph at lines 4--22
\OT1/cmr/m/n/10 ns-
 []


Overfull \hbox (5.00002pt too wide) in paragraph at lines 4--22
\OT1/cmr/m/n/10 3
 []


Overfull \hbox (23.33339pt too wide) in paragraph at lines 4--22
\OT1/cmr/m/n/10 avail-
 []


Overfull \hbox (17.77782pt too wide) in paragraph at lines 4--22
\OT1/cmr/m/n/10 able
 []


Overfull \hbox (10.55559pt too wide) in paragraph at lines 4--22
\OT1/cmr/m/n/10 on
 []


Overfull \hbox (13.38892pt too wide) in paragraph at lines 4--22
\OT1/cmr/m/n/10 it's
 []


Overfull \hbox (11.38892pt too wide) in paragraph at lines 4--22
\OT1/cmr/m/n/10 of-
 []


Overfull \hbox (8.8889pt too wide) in paragraph at lines 4--22
\OT1/cmr/m/n/10 fi-
 []


Overfull \hbox (15.00003pt too wide) in paragraph at lines 4--22
\OT1/cmr/m/n/10 cial
 []


Overfull \hbox (20.00005pt too wide) in paragraph at lines 4--22
\OT1/cmr/m/n/10 page
 []


Overfull \hbox (8.94446pt too wide) in paragraph at lines 4--22
\OT1/cmr/m/n/10 as
 []


Overfull \hbox (16.94446pt too wide) in paragraph at lines 4--22
\OT1/cmr/m/n/10 well
 []


Overfull \hbox (8.94446pt too wide) in paragraph at lines 4--22
\OT1/cmr/m/n/10 as
 []


Overfull \hbox (23.88896pt too wide) in paragraph at lines 4--22
\OT1/cmr/m/n/10 many
 []


Overfull \hbox (28.47226pt too wide) in paragraph at lines 4--22
\OT1/cmr/m/n/10 scripts
 []


Overfull \hbox (16.11116pt too wide) in paragraph at lines 4--22
\OT1/cmr/m/n/10 and
 []


Overfull \hbox (13.05557pt too wide) in paragraph at lines 4--22
\OT1/cmr/m/n/10 ex-
 []


Overfull \hbox (16.6667pt too wide) in paragraph at lines 4--22
\OT1/cmr/m/n/10 am-
 []


Overfull \hbox (19.50003pt too wide) in paragraph at lines 4--22
\OT1/cmr/m/n/10 ples.
 []


Overfull \hbox (17.22224pt too wide) in paragraph at lines 4--22
\OT1/cmr/m/n/10 The
 []


Overfull \hbox (18.61118pt too wide) in paragraph at lines 4--22
\OT1/cmr/m/n/10 only
 []


Overfull \hbox (13.88892pt too wide) in paragraph at lines 4--22
\OT1/cmr/m/n/10 op-
 []


Overfull \hbox (11.69444pt too wide) in paragraph at lines 4--22
\OT1/cmr/m/n/10 er-
 []


Overfull \hbox (12.22224pt too wide) in paragraph at lines 4--22
\OT1/cmr/m/n/10 at-
 []


Overfull \hbox (13.33337pt too wide) in paragraph at lines 4--22
\OT1/cmr/m/n/10 ing
 []


Overfull \hbox (16.50002pt too wide) in paragraph at lines 4--22
\OT1/cmr/m/n/10 sys-
 []


Overfull \hbox (16.6667pt too wide) in paragraph at lines 4--22
\OT1/cmr/m/n/10 tem
 []


Overfull \hbox (25.27782pt too wide) in paragraph at lines 4--22
\OT1/cmr/m/n/10 which
 []


Overfull \hbox (6.72223pt too wide) in paragraph at lines 4--22
\OT1/cmr/m/n/10 is
 []


Overfull \hbox (18.38892pt too wide) in paragraph at lines 4--22
\OT1/cmr/m/n/10 sup-
 []


Overfull \hbox (28.63896pt too wide) in paragraph at lines 4--22
\OT1/cmr/m/n/10 ported
 []


Overfull \hbox (10.55559pt too wide) in paragraph at lines 4--22
\OT1/cmr/m/n/10 by
 []


Overfull \hbox (12.83334pt too wide) in paragraph at lines 4--22
\OT1/cmr/m/n/10 ns-
 []


Overfull \hbox (5.00002pt too wide) in paragraph at lines 4--22
\OT1/cmr/m/n/10 3
 []


Overfull \hbox (6.72223pt too wide) in paragraph at lines 4--22
\OT1/cmr/m/n/10 is
 []


Overfull \hbox (5.00002pt too wide) in paragraph at lines 4--22
\OT1/cmr/m/n/10 a
 []


Overfull \hbox (27.91675pt too wide) in paragraph at lines 4--22
\OT1/cmr/m/n/10 Linux.
 []


Overfull \hbox (20.44447pt too wide) in paragraph at lines 4--22
\OT1/cmr/m/n/10 Dur-
 []


Overfull \hbox (13.33337pt too wide) in paragraph at lines 4--22
\OT1/cmr/m/n/10 ing
 []


Overfull \hbox (21.13892pt too wide) in paragraph at lines 4--22
\OT1/cmr/m/n/10 writ-
 []


Overfull \hbox (13.33337pt too wide) in paragraph at lines 4--22
\OT1/cmr/m/n/10 ing
 []


Overfull \hbox (8.05559pt too wide) in paragraph at lines 4--22
\OT1/cmr/m/n/10 of
 []


Overfull \hbox (13.88892pt too wide) in paragraph at lines 4--22
\OT1/cmr/m/n/10 the
 []


Overfull \hbox (17.22224pt too wide) in paragraph at lines 4--22
\OT1/cmr/m/n/10 the-
 []


Overfull \hbox (10.66667pt too wide) in paragraph at lines 4--22
\OT1/cmr/m/n/10 sis
 []


Overfull \hbox (36.1112pt too wide) in paragraph at lines 4--22
\OT1/cmr/m/n/10 'Ubuntu
 []


Overfull \hbox (30.55565pt too wide) in paragraph at lines 4--22
\OT1/cmr/m/n/10 16.0.54
 []


Overfull \hbox (20.97226pt too wide) in paragraph at lines 4--22
\OT1/cmr/m/n/10 LTS'
 []


Overfull \hbox (16.69446pt too wide) in paragraph at lines 4--22
\OT1/cmr/m/n/10 ver-
 []


Overfull \hbox (17.27782pt too wide) in paragraph at lines 4--22
\OT1/cmr/m/n/10 sion
 []


Overfull \hbox (15.8889pt too wide) in paragraph at lines 4--22
\OT1/cmr/m/n/10 was
 []


Overfull \hbox (19.50003pt too wide) in paragraph at lines 4--22
\OT1/cmr/m/n/10 used
 []


Overfull \hbox (16.11116pt too wide) in paragraph at lines 4--22
\OT1/cmr/m/n/10 and
 []


Overfull \hbox (13.88892pt too wide) in paragraph at lines 4--22
\OT1/cmr/m/n/10 the
 []


Overfull \hbox (16.69446pt too wide) in paragraph at lines 4--22
\OT1/cmr/m/n/10 ver-
 []


Overfull \hbox (17.27782pt too wide) in paragraph at lines 4--22
\OT1/cmr/m/n/10 sion
 []


Overfull \hbox (8.05559pt too wide) in paragraph at lines 4--22
\OT1/cmr/m/n/10 of
 []


Overfull \hbox (18.38892pt too wide) in paragraph at lines 4--22
\OT1/cmr/m/n/10 sim-
 []


Overfull \hbox (8.8889pt too wide) in paragraph at lines 4--22
\OT1/cmr/m/n/10 u-
 []


Overfull \hbox (11.11113pt too wide) in paragraph at lines 4--22
\OT1/cmr/m/n/10 la-
 []


Overfull \hbox (12.80559pt too wide) in paragraph at lines 4--22
\OT1/cmr/m/n/10 tor
 []


Overfull \hbox (15.8889pt too wide) in paragraph at lines 4--22
\OT1/cmr/m/n/10 was
 []


Overfull \hbox (20.55562pt too wide) in paragraph at lines 4--22
\OT1/cmr/m/n/10 3.29.
 []


Overfull \hbox (37.61942pt too wide) in paragraph at lines 4--22
|    | \OT1/cmr/m/n/10 In
 []


Overfull \hbox (12.25002pt too wide) in paragraph at lines 4--22
\OT1/cmr/m/n/10 or-
 []


Overfull \hbox (13.91669pt too wide) in paragraph at lines 4--22
\OT1/cmr/m/n/10 der
 []


Overfull \hbox (8.88892pt too wide) in paragraph at lines 4--22
\OT1/cmr/m/n/10 to
 []


Overfull \hbox (11.69444pt too wide) in paragraph at lines 4--22
\OT1/cmr/m/n/10 re-
 []


Overfull \hbox (27.0278pt too wide) in paragraph at lines 4--22
\OT1/cmr/m/n/10 search
 []


Overfull \hbox (22.00002pt too wide) in paragraph at lines 4--22
\OT1/cmr/m/n/10 spec-
 []


Overfull \hbox (6.11111pt too wide) in paragraph at lines 4--22
\OT1/cmr/m/n/10 i-
 []


Overfull \hbox (15.55559pt too wide) in paragraph at lines 4--22
\OT1/cmr/m/n/10 fied
 []


Overfull \hbox (8.33336pt too wide) in paragraph at lines 4--22
\OT1/cmr/m/n/10 in
 []


Overfull \hbox (13.88892pt too wide) in paragraph at lines 4--22
\OT1/cmr/m/n/10 the
 []


Overfull \hbox (10.00002pt too wide) in paragraph at lines 4--22
\OT1/cmr/m/n/10 ti-
 []


Overfull \hbox (11.11113pt too wide) in paragraph at lines 4--22
\OT1/cmr/m/n/10 tle
 []


Overfull \hbox (8.05559pt too wide) in paragraph at lines 4--22
\OT1/cmr/m/n/10 of
 []


Overfull \hbox (13.88892pt too wide) in paragraph at lines 4--22
\OT1/cmr/m/n/10 the
 []


Overfull \hbox (17.22224pt too wide) in paragraph at lines 4--22
\OT1/cmr/m/n/10 the-
 []


Overfull \hbox (13.44446pt too wide) in paragraph at lines 4--22
\OT1/cmr/m/n/10 sis,
 []


Overfull \hbox (13.88892pt too wide) in paragraph at lines 4--22
\OT1/cmr/m/n/10 the
 []


Overfull \hbox (17.80559pt too wide) in paragraph at lines 4--22
\OT1/cmr/m/n/10 par-
 []


Overfull \hbox (14.44446pt too wide) in paragraph at lines 4--22
\OT1/cmr/m/n/10 tic-
 []


Overfull \hbox (8.8889pt too wide) in paragraph at lines 4--22
\OT1/cmr/m/n/10 u-
 []


Overfull \hbox (11.69447pt too wide) in paragraph at lines 4--22
\OT1/cmr/m/n/10 lar
 []


Overfull \hbox (16.16666pt too wide) in paragraph at lines 4--22
\OT1/cmr/m/n/10 sce-
 []


Overfull \hbox (22.25006pt too wide) in paragraph at lines 4--22
\OT1/cmr/m/n/10 nario
 []


Overfull \hbox (14.50003pt too wide) in paragraph at lines 4--22
\OT1/cmr/m/n/10 has
 []


Overfull \hbox (20.27782pt too wide) in paragraph at lines 4--22
\OT1/cmr/m/n/10 been
 []


Overfull \hbox (18.33336pt too wide) in paragraph at lines 4--22
\OT1/cmr/m/n/10 con-
 []


Overfull \hbox (13.88892pt too wide) in paragraph at lines 4--22
\OT1/cmr/m/n/10 fig-
 []


Overfull \hbox (22.25005pt too wide) in paragraph at lines 4--22
\OT1/cmr/m/n/10 ured.
 []


Overfull \hbox (17.22224pt too wide) in paragraph at lines 4--22
\OT1/cmr/m/n/10 The
 []


Overfull \hbox (18.33336pt too wide) in paragraph at lines 4--22
\OT1/cmr/m/n/10 con-
 []


Overfull \hbox (11.66669pt too wide) in paragraph at lines 4--22
\OT1/cmr/m/n/10 di-
 []


Overfull \hbox (21.16672pt too wide) in paragraph at lines 4--22
\OT1/cmr/m/n/10 tions
 []


Overfull \hbox (8.05559pt too wide) in paragraph at lines 4--22
\OT1/cmr/m/n/10 of
 []


Overfull \hbox (18.38892pt too wide) in paragraph at lines 4--22
\OT1/cmr/m/n/10 sim-
 []


Overfull \hbox (8.8889pt too wide) in paragraph at lines 4--22
\OT1/cmr/m/n/10 u-
 []


Overfull \hbox (11.11113pt too wide) in paragraph at lines 4--22
\OT1/cmr/m/n/10 la-
 []


Overfull \hbox (23.9445pt too wide) in paragraph at lines 4--22
\OT1/cmr/m/n/10 tion's
 []


Overfull \hbox (19.75pt too wide) in paragraph at lines 4--22
\OT1/cmr/m/n/10 were
 []


Overfull \hbox (14.1667pt too wide) in paragraph at lines 4--22
\OT1/cmr/m/n/10 dy-
 []


Overfull \hbox (22.22227pt too wide) in paragraph at lines 4--22
\OT1/cmr/m/n/10 nam-
 []


Overfull \hbox (6.11111pt too wide) in paragraph at lines 4--22
\OT1/cmr/m/n/10 i-
 []


Overfull \hbox (20.27783pt too wide) in paragraph at lines 4--22
\OT1/cmr/m/n/10 cally
 []


Overfull \hbox (28.61116pt too wide) in paragraph at lines 4--22
\OT1/cmr/m/n/10 chang-
 []


Overfull \hbox (13.33337pt too wide) in paragraph at lines 4--22
\OT1/cmr/m/n/10 ing
 []


Overfull \hbox (8.94446pt too wide) in paragraph at lines 4--22
\OT1/cmr/m/n/10 so
 []


Overfull \hbox (13.88892pt too wide) in paragraph at lines 4--22
\OT1/cmr/m/n/10 au-
 []


Overfull \hbox (25.55562pt too wide) in paragraph at lines 4--22
\OT1/cmr/m/n/10 toma-
 []


Overfull \hbox (17.22227pt too wide) in paragraph at lines 4--22
\OT1/cmr/m/n/10 tion
 []


Overfull \hbox (15.8889pt too wide) in paragraph at lines 4--22
\OT1/cmr/m/n/10 was
 []


Overfull \hbox (30.00005pt too wide) in paragraph at lines 4--22
\OT1/cmr/m/n/10 needed
 []


Overfull \hbox (8.88892pt too wide) in paragraph at lines 4--22
\OT1/cmr/m/n/10 to
 []


Overfull \hbox (15.02782pt too wide) in paragraph at lines 4--22
\OT1/cmr/m/n/10 run
 []


Overfull \hbox (18.38892pt too wide) in paragraph at lines 4--22
\OT1/cmr/m/n/10 sim-
 []


Overfull \hbox (8.8889pt too wide) in paragraph at lines 4--22
\OT1/cmr/m/n/10 u-
 []


Overfull \hbox (11.11113pt too wide) in paragraph at lines 4--22
\OT1/cmr/m/n/10 la-
 []


Overfull \hbox (17.22227pt too wide) in paragraph at lines 4--22
\OT1/cmr/m/n/10 tion
 []


Overfull \hbox (14.47223pt too wide) in paragraph at lines 4--22
\OT1/cmr/m/n/10 rel-
 []


Overfull \hbox (8.33334pt too wide) in paragraph at lines 4--22
\OT1/cmr/m/n/10 a-
 []


Overfull \hbox (24.16673pt too wide) in paragraph at lines 4--22
\OT1/cmr/m/n/10 tively
 []


Overfull \hbox (15.88893pt too wide) in paragraph at lines 4--22
\OT1/cmr/m/n/10 fast
 []


Overfull \hbox (16.11116pt too wide) in paragraph at lines 4--22
\OT1/cmr/m/n/10 and
 []


Overfull \hbox (22.77782pt too wide) in paragraph at lines 4--22
\OT1/cmr/m/n/10 with-
 []


Overfull \hbox (14.44449pt too wide) in paragraph at lines 4--22
\OT1/cmr/m/n/10 out
 []


Overfull \hbox (13.88892pt too wide) in paragraph at lines 4--22
\OT1/cmr/m/n/10 ad-
 []


Overfull \hbox (11.66669pt too wide) in paragraph at lines 4--22
\OT1/cmr/m/n/10 di-
 []


Overfull \hbox (25.00008pt too wide) in paragraph at lines 4--22
\OT1/cmr/m/n/10 tional
 []


Overfull \hbox (22.22227pt too wide) in paragraph at lines 4--22
\OT1/cmr/m/n/10 man-
 []


Overfull \hbox (13.33337pt too wide) in paragraph at lines 4--22
\OT1/cmr/m/n/10 ual
 []


Overfull \hbox (17.5pt too wide) in paragraph at lines 4--22
\OT1/cmr/m/n/10 chc-
 []


Overfull \hbox (23.94449pt too wide) in paragraph at lines 4--22
\OT1/cmr/m/n/10 nages
 []


Overfull \hbox (8.33336pt too wide) in paragraph at lines 4--22
\OT1/cmr/m/n/10 in
 []


Overfull \hbox (16.16669pt too wide) in paragraph at lines 4--22
\OT1/cmr/m/n/10 test
 []


Overfull \hbox (16.16666pt too wide) in paragraph at lines 4--22
\OT1/cmr/m/n/10 sce-
 []


Overfull \hbox (25.02785pt too wide) in paragraph at lines 4--22
\OT1/cmr/m/n/10 nario.
 []


Overfull \hbox (25.58336pt too wide) in paragraph at lines 4--22
\OT1/cmr/m/n/10 There
 []


Overfull \hbox (19.75pt too wide) in paragraph at lines 4--22
\OT1/cmr/m/n/10 were
 []


Overfull \hbox (17.27779pt too wide) in paragraph at lines 4--22
\OT1/cmr/m/n/10 sep-
 []


Overfull \hbox (8.33334pt too wide) in paragraph at lines 4--22
\OT1/cmr/m/n/10 a-
 []


Overfull \hbox (22.8056pt too wide) in paragraph at lines 4--22
\OT1/cmr/m/n/10 rated
 []


Overfull \hbox (20.88895pt too wide) in paragraph at lines 4--22
\OT1/cmr/m/n/10 tools
 []


Overfull \hbox (11.66669pt too wide) in paragraph at lines 4--22
\OT1/cmr/m/n/10 in-
 []


Overfull \hbox (27.77785pt too wide) in paragraph at lines 4--22
\OT1/cmr/m/n/10 volved
 []


Overfull \hbox (8.88892pt too wide) in paragraph at lines 4--22
\OT1/cmr/m/n/10 to
 []


Overfull \hbox (13.88892pt too wide) in paragraph at lines 4--22
\OT1/cmr/m/n/10 ob-
 []


Overfull \hbox (21.75002pt too wide) in paragraph at lines 4--22
\OT1/cmr/m/n/10 serve
 []


Overfull \hbox (17.55557pt too wide) in paragraph at lines 4--22
\OT1/cmr/m/n/10 spe-
 []


Overfull \hbox (17.22224pt too wide) in paragraph at lines 4--22
\OT1/cmr/m/n/10 cific
 []


Overfull \hbox (13.61113pt too wide) in paragraph at lines 4--22
\OT1/cmr/m/n/10 be-
 []


Overfull \hbox (36.75009pt too wide) in paragraph at lines 4--22
\OT1/cmr/m/n/10 haviours
 []


Overfull \hbox (16.11116pt too wide) in paragraph at lines 4--22
\OT1/cmr/m/n/10 and
 []


Overfull \hbox (13.88892pt too wide) in paragraph at lines 4--22
\OT1/cmr/m/n/10 an-
 []


Overfull \hbox (8.33334pt too wide) in paragraph at lines 4--22
\OT1/cmr/m/n/10 a-
 []


Overfull \hbox (16.94447pt too wide) in paragraph at lines 4--22
\OT1/cmr/m/n/10 lyze
 []


Overfull \hbox (11.69444pt too wide) in paragraph at lines 4--22
\OT1/cmr/m/n/10 re-
 []


Overfull \hbox (20.11115pt too wide) in paragraph at lines 4--22
\OT1/cmr/m/n/10 sults
 []


Overfull \hbox (15.00003pt too wide) in paragraph at lines 4--22
\OT1/cmr/m/n/10 like
 []


Overfull \hbox (26.77782pt too wide) in paragraph at lines 4--22
\OT1/cmr/m/n/10 statis-
 []


Overfull \hbox (15.05557pt too wide) in paragraph at lines 4--22
\OT1/cmr/m/n/10 tics
 []


Overfull \hbox (8.8889pt too wide) in paragraph at lines 4--22
\OT1/cmr/m/n/10 li-
 []


Overfull \hbox (29.5556pt too wide) in paragraph at lines 4--22
\OT1/cmr/m/n/10 braries
 []


Overfull \hbox (8.05559pt too wide) in paragraph at lines 4--22
\OT1/cmr/m/n/10 of
 []


Overfull \hbox (30.55565pt too wide) in paragraph at lines 4--22
\OT1/cmr/m/n/10 python
 []


Overfull \hbox (16.11116pt too wide) in paragraph at lines 4--22
\OT1/cmr/m/n/10 and
 []


Overfull \hbox (21.69446pt too wide) in paragraph at lines 4--22
\OT1/cmr/m/n/10 wire-
 []


Overfull \hbox (26.47229pt too wide) in paragraph at lines 4--22
\OT1/cmr/m/n/10 shark.
 []


Overfull \hbox (15.4167pt too wide) in paragraph at lines 4--22
\OT1/cmr/m/n/10 Ev-
 []


Overfull \hbox (16.97224pt too wide) in paragraph at lines 4--22
\OT1/cmr/m/n/10 ery-
 []


Overfull \hbox (22.77785pt too wide) in paragraph at lines 4--22
\OT1/cmr/m/n/10 thing
 []


Overfull \hbox (16.11116pt too wide) in paragraph at lines 4--22
\OT1/cmr/m/n/10 had
 []


Overfull \hbox (8.88892pt too wide) in paragraph at lines 4--22
\OT1/cmr/m/n/10 to
 []


Overfull \hbox (10.2778pt too wide) in paragraph at lines 4--22
\OT1/cmr/m/n/10 be
 []


Overfull \hbox (20.5556pt too wide) in paragraph at lines 4--22
\OT1/cmr/m/n/10 done
 []


Overfull \hbox (8.33336pt too wide) in paragraph at lines 4--22
\OT1/cmr/m/n/10 in
 []


Overfull \hbox (5.00002pt too wide) in paragraph at lines 4--22
\OT1/cmr/m/n/10 a
 []


Overfull \hbox (28.66673pt too wide) in paragraph at lines 4--22
\OT1/cmr/m/n/10 proper
 []


Overfull \hbox (12.25002pt too wide) in paragraph at lines 4--22
\OT1/cmr/m/n/10 or-
 []


Overfull \hbox (13.91669pt too wide) in paragraph at lines 4--22
\OT1/cmr/m/n/10 der
 []


Overfull \hbox (23.97226pt too wide) in paragraph at lines 4--22
\OT1/cmr/m/n/10 start-
 []


Overfull \hbox (13.33337pt too wide) in paragraph at lines 4--22
\OT1/cmr/m/n/10 ing
 []


Overfull \hbox (20.30562pt too wide) in paragraph at lines 4--22
\OT1/cmr/m/n/10 from
 []


Overfull \hbox (18.33336pt too wide) in paragraph at lines 4--22
\OT1/cmr/m/n/10 con-
 []


Overfull \hbox (13.88892pt too wide) in paragraph at lines 4--22
\OT1/cmr/m/n/10 fig-
 []


Overfull \hbox (12.80557pt too wide) in paragraph at lines 4--22
\OT1/cmr/m/n/10 ur-
 []


Overfull \hbox (13.33337pt too wide) in paragraph at lines 4--22
\OT1/cmr/m/n/10 ing
 []


Overfull \hbox (13.88892pt too wide) in paragraph at lines 4--22
\OT1/cmr/m/n/10 the
 []


Overfull \hbox (16.16666pt too wide) in paragraph at lines 4--22
\OT1/cmr/m/n/10 sce-
 []


Overfull \hbox (25.02785pt too wide) in paragraph at lines 4--22
\OT1/cmr/m/n/10 nario,
 []


Overfull \hbox (21.13892pt too wide) in paragraph at lines 4--22
\OT1/cmr/m/n/10 writ-
 []


Overfull \hbox (13.33337pt too wide) in paragraph at lines 4--22
\OT1/cmr/m/n/10 ing
 []


Overfull \hbox (13.88892pt too wide) in paragraph at lines 4--22
\OT1/cmr/m/n/10 au-
 []


Overfull \hbox (25.55562pt too wide) in paragraph at lines 4--22
\OT1/cmr/m/n/10 toma-
 []


Overfull \hbox (17.22227pt too wide) in paragraph at lines 4--22
\OT1/cmr/m/n/10 tion
 []


Overfull \hbox (24.52782pt too wide) in paragraph at lines 4--22
\OT1/cmr/m/n/10 script
 []


Overfull \hbox (16.11116pt too wide) in paragraph at lines 4--22
\OT1/cmr/m/n/10 and
 []


Overfull \hbox (17.80559pt too wide) in paragraph at lines 4--22
\OT1/cmr/m/n/10 pro-
 []


Overfull \hbox (22.22223pt too wide) in paragraph at lines 4--22
\OT1/cmr/m/n/10 ceed-
 []


Overfull \hbox (13.33337pt too wide) in paragraph at lines 4--22
\OT1/cmr/m/n/10 ing
 []


Overfull \hbox (16.11116pt too wide) in paragraph at lines 4--22
\OT1/cmr/m/n/10 and
 []


Overfull \hbox (13.88892pt too wide) in paragraph at lines 4--22
\OT1/cmr/m/n/10 an-
 []


Overfull \hbox (8.33334pt too wide) in paragraph at lines 4--22
\OT1/cmr/m/n/10 a-
 []


Overfull \hbox (16.94447pt too wide) in paragraph at lines 4--22
\OT1/cmr/m/n/10 lyze
 []


Overfull \hbox (11.72221pt too wide) in paragraph at lines 4--22
\OT1/cmr/m/n/10 es-
 []


Overfull \hbox (17.27779pt too wide) in paragraph at lines 4--22
\OT1/cmr/m/n/10 sen-
 []


Overfull \hbox (14.44449pt too wide) in paragraph at lines 4--22
\OT1/cmr/m/n/10 tial
 []


Overfull \hbox (19.4445pt too wide) in paragraph at lines 4--22
\OT1/cmr/m/n/10 data
 []


Overfull \hbox (17.80559pt too wide) in paragraph at lines 4--22
\OT1/cmr/m/n/10 pro-
 []


Overfull \hbox (25.5556pt too wide) in paragraph at lines 4--22
\OT1/cmr/m/n/10 duced
 []


Overfull \hbox (8.33336pt too wide) in paragraph at lines 4--22
\OT1/cmr/m/n/10 in
 []


Overfull \hbox (19.44449pt too wide) in paragraph at lines 4--22
\OT1/cmr/m/n/10 time
 []


Overfull \hbox (8.05559pt too wide) in paragraph at lines 4--22
\OT1/cmr/m/n/10 of
 []


Overfull \hbox (18.38892pt too wide) in paragraph at lines 4--22
\OT1/cmr/m/n/10 sim-
 []


Overfull \hbox (8.8889pt too wide) in paragraph at lines 4--22
\OT1/cmr/m/n/10 u-
 []


Overfull \hbox (11.11113pt too wide) in paragraph at lines 4--22
\OT1/cmr/m/n/10 la-
 []


Overfull \hbox (20.00006pt too wide) in paragraph at lines 4--22
\OT1/cmr/m/n/10 tion.
 []


Overfull \hbox (56.78612pt too wide) in paragraph at lines 4--22
|   | \OT1/cmr/m/n/10 Topol-
 []


Overfull \hbox (15.27783pt too wide) in paragraph at lines 4--22
\OT1/cmr/m/n/10 ogy
 []


Overfull \hbox (18.33336pt too wide) in paragraph at lines 4--22
\OT1/cmr/m/n/10 con-
 []


Overfull \hbox (18.50002pt too wide) in paragraph at lines 4--22
\OT1/cmr/m/n/10 sists
 []


Overfull \hbox (8.05559pt too wide) in paragraph at lines 4--22
\OT1/cmr/m/n/10 of
 []


Overfull \hbox (15.55557pt too wide) in paragraph at lines 4--22
\OT1/cmr/m/n/10 two
 []


Overfull \hbox (21.69446pt too wide) in paragraph at lines 4--22
\OT1/cmr/m/n/10 wire-
 []


Overfull \hbox (15.11111pt too wide) in paragraph at lines 4--22
\OT1/cmr/m/n/10 less
 []


Overfull \hbox (15.27779pt too wide) in paragraph at lines 4--22
\OT1/cmr/m/n/10 Ac-
 []


Overfull \hbox (16.77777pt too wide) in paragraph at lines 4--22
\OT1/cmr/m/n/10 cess
 []


Overfull \hbox (30.1945pt too wide) in paragraph at lines 4--22
\OT1/cmr/m/n/10 Points.
 []


Overfull \hbox (17.22224pt too wide) in paragraph at lines 4--22
\OT1/cmr/m/n/10 The
 []


Overfull \hbox (17.30559pt too wide) in paragraph at lines 4--22
\OT1/cmr/m/n/10 first
 []


Overfull \hbox (15.00003pt too wide) in paragraph at lines 4--22
\OT1/cmr/m/n/10 one
 []


Overfull \hbox (6.72223pt too wide) in paragraph at lines 4--22
\OT1/cmr/m/n/10 is
 []


Overfull \hbox (8.88892pt too wide) in paragraph at lines 4--22
\OT1/cmr/m/n/10 to
 []


Overfull \hbox (11.69444pt too wide) in paragraph at lines 4--22
\OT1/cmr/m/n/10 re-
 []


Overfull \hbox (21.11113pt too wide) in paragraph at lines 4--22
\OT1/cmr/m/n/10 ceive
 []


Overfull \hbox (19.19449pt too wide) in paragraph at lines 4--22
\OT1/cmr/m/n/10 traf-
 []


Overfull \hbox (10.00002pt too wide) in paragraph at lines 4--22
\OT1/cmr/m/n/10 fic
 []


Overfull \hbox (20.30562pt too wide) in paragraph at lines 4--22
\OT1/cmr/m/n/10 from
 []


Overfull \hbox (18.66669pt too wide) in paragraph at lines 4--22
\OT1/cmr/m/n/10 slow
 []


Overfull \hbox (16.16669pt too wide) in paragraph at lines 4--22
\OT1/cmr/m/n/10 sta-
 []


Overfull \hbox (21.16672pt too wide) in paragraph at lines 4--22
\OT1/cmr/m/n/10 tions
 []


Overfull \hbox (16.11116pt too wide) in paragraph at lines 4--22
\OT1/cmr/m/n/10 and
 []


Overfull \hbox (13.88892pt too wide) in paragraph at lines 4--22
\OT1/cmr/m/n/10 the
 []


Overfull \hbox (16.16666pt too wide) in paragraph at lines 4--22
\OT1/cmr/m/n/10 sec-
 []


Overfull \hbox (16.11116pt too wide) in paragraph at lines 4--22
\OT1/cmr/m/n/10 ond
 []


Overfull \hbox (15.00003pt too wide) in paragraph at lines 4--22
\OT1/cmr/m/n/10 one
 []


Overfull \hbox (20.30562pt too wide) in paragraph at lines 4--22
\OT1/cmr/m/n/10 from
 []


Overfull \hbox (15.88893pt too wide) in paragraph at lines 4--22
\OT1/cmr/m/n/10 fast
 []


Overfull \hbox (16.16669pt too wide) in paragraph at lines 4--22
\OT1/cmr/m/n/10 sta-
 []


Overfull \hbox (23.9445pt too wide) in paragraph at lines 4--22
\OT1/cmr/m/n/10 tions.
 []


Overfull \hbox (28.36115pt too wide) in paragraph at lines 4--22
\OT1/cmr/m/n/10 Slower
 []


Overfull \hbox (16.16669pt too wide) in paragraph at lines 4--22
\OT1/cmr/m/n/10 sta-
 []


Overfull \hbox (21.16672pt too wide) in paragraph at lines 4--22
\OT1/cmr/m/n/10 tions
 []


Overfull \hbox (19.50003pt too wide) in paragraph at lines 4--22
\OT1/cmr/m/n/10 send
 []


Overfull \hbox (19.4445pt too wide) in paragraph at lines 4--22
\OT1/cmr/m/n/10 data
 []


Overfull \hbox (19.44449pt too wide) in paragraph at lines 4--22
\OT1/cmr/m/n/10 with
 []


Overfull \hbox (23.33337pt too wide) in paragraph at lines 4--22
\OT1/cmr/m/n/10 much
 []


Overfull \hbox (22.80557pt too wide) in paragraph at lines 4--22
\OT1/cmr/m/n/10 lower
 []


Overfull \hbox (20.02782pt too wide) in paragraph at lines 4--22
\OT1/cmr/m/n/10 rate.
 []


Overfull \hbox (20.00005pt too wide) in paragraph at lines 4--22
\OT1/cmr/m/n/10 Sim-
 []


Overfull \hbox (8.8889pt too wide) in paragraph at lines 4--22
\OT1/cmr/m/n/10 u-
 []


Overfull \hbox (11.11113pt too wide) in paragraph at lines 4--22
\OT1/cmr/m/n/10 la-
 []


Overfull \hbox (17.22227pt too wide) in paragraph at lines 4--22
\OT1/cmr/m/n/10 tion
 []


Overfull \hbox (16.16666pt too wide) in paragraph at lines 4--22
\OT1/cmr/m/n/10 sce-
 []


Overfull \hbox (22.25006pt too wide) in paragraph at lines 4--22
\OT1/cmr/m/n/10 nario
 []


Overfull \hbox (11.66669pt too wide) in paragraph at lines 4--22
\OT1/cmr/m/n/10 in-
 []


Overfull \hbox (26.72226pt too wide) in paragraph at lines 4--22
\OT1/cmr/m/n/10 cludes
 []


Overfull \hbox (22.83337pt too wide) in paragraph at lines 4--22
\OT1/cmr/m/n/10 those
 []


Overfull \hbox (5.00002pt too wide) in paragraph at lines 4--22
\OT1/cmr/m/n/10 2
 []


Overfull \hbox (23.11116pt too wide) in paragraph at lines 4--22
\OT1/cmr/m/n/10 types
 []


Overfull \hbox (8.05559pt too wide) in paragraph at lines 4--22
\OT1/cmr/m/n/10 of
 []


Overfull \hbox (16.16669pt too wide) in paragraph at lines 4--22
\OT1/cmr/m/n/10 sta-
 []


Overfull \hbox (21.16672pt too wide) in paragraph at lines 4--22
\OT1/cmr/m/n/10 tions
 []


Overfull \hbox (8.88892pt too wide) in paragraph at lines 4--22
\OT1/cmr/m/n/10 to
 []


Overfull \hbox (13.88892pt too wide) in paragraph at lines 4--22
\OT1/cmr/m/n/10 ob-
 []


Overfull \hbox (21.75002pt too wide) in paragraph at lines 4--22
\OT1/cmr/m/n/10 serve
 []


Overfull \hbox (14.72226pt too wide) in paragraph at lines 4--22
\OT1/cmr/m/n/10 dif-
 []


Overfull \hbox (14.75002pt too wide) in paragraph at lines 4--22
\OT1/cmr/m/n/10 fer-
 []


Overfull \hbox (13.61113pt too wide) in paragraph at lines 4--22
\OT1/cmr/m/n/10 ent
 []


Overfull \hbox (13.05557pt too wide) in paragraph at lines 4--22
\OT1/cmr/m/n/10 ex-
 []


Overfull \hbox (21.69449pt too wide) in paragraph at lines 4--22
\OT1/cmr/m/n/10 plore
 []


Overfull \hbox (17.50003pt too wide) in paragraph at lines 4--22
\OT1/cmr/m/n/10 how
 []


Overfull \hbox (16.16669pt too wide) in paragraph at lines 4--22
\OT1/cmr/m/n/10 sta-
 []


Overfull \hbox (21.16672pt too wide) in paragraph at lines 4--22
\OT1/cmr/m/n/10 tions
 []


Overfull \hbox (19.44449pt too wide) in paragraph at lines 4--22
\OT1/cmr/m/n/10 with
 []


Overfull \hbox (21.11115pt too wide) in paragraph at lines 4--22
\OT1/cmr/m/n/10 com-
 []


Overfull \hbox (29.16673pt too wide) in paragraph at lines 4--22
\OT1/cmr/m/n/10 pletely
 []


Overfull \hbox (14.72226pt too wide) in paragraph at lines 4--22
\OT1/cmr/m/n/10 dif-
 []


Overfull \hbox (14.75002pt too wide) in paragraph at lines 4--22
\OT1/cmr/m/n/10 fer-
 []


Overfull \hbox (13.61113pt too wide) in paragraph at lines 4--22
\OT1/cmr/m/n/10 ent
 []


Overfull \hbox (19.4445pt too wide) in paragraph at lines 4--22
\OT1/cmr/m/n/10 data
 []


Overfull \hbox (21.19447pt too wide) in paragraph at lines 4--22
\OT1/cmr/m/n/10 rates
 []


Overfull \hbox (13.61113pt too wide) in paragraph at lines 4--22
\OT1/cmr/m/n/10 be-
 []


Overfull \hbox (19.72226pt too wide) in paragraph at lines 4--22
\OT1/cmr/m/n/10 have
 []


Overfull \hbox (22.77782pt too wide) in paragraph at lines 4--22
\OT1/cmr/m/n/10 when
 []


Overfull \hbox (6.66669pt too wide) in paragraph at lines 4--22
\OT1/cmr/m/n/10 it
 []


Overfull \hbox (26.1667pt too wide) in paragraph at lines 4--22
\OT1/cmr/m/n/10 comes
 []


Overfull \hbox (8.88892pt too wide) in paragraph at lines 4--22
\OT1/cmr/m/n/10 to
 []


Overfull \hbox (22.86115pt too wide) in paragraph at lines 4--22
\OT1/cmr/m/n/10 share
 []


Overfull \hbox (14.75002pt too wide) in paragraph at lines 4--22
\OT1/cmr/m/n/10 fre-
 []


Overfull \hbox (30.55562pt too wide) in paragraph at lines 4--22
\OT1/cmr/m/n/10 quency
 []


Overfull \hbox (23.91672pt too wide) in paragraph at lines 4--22
\OT1/cmr/m/n/10 range
 []


Overfull \hbox (19.44449pt too wide) in paragraph at lines 4--22
\OT1/cmr/m/n/10 with
 []


Overfull \hbox (19.44447pt too wide) in paragraph at lines 4--22
\OT1/cmr/m/n/10 LTE
 []


Overfull \hbox (15.05557pt too wide) in paragraph at lines 4--22
\OT1/cmr/m/n/10 sig-
 []


Overfull \hbox (20.0556pt too wide) in paragraph at lines 4--22
\OT1/cmr/m/n/10 nals.
 []


Overfull \hbox (25.58336pt too wide) in paragraph at lines 4--22
\OT1/cmr/m/n/10 There
 []


Overfull \hbox (13.36113pt too wide) in paragraph at lines 4--22
\OT1/cmr/m/n/10 are
 []


Overfull \hbox (16.72226pt too wide) in paragraph at lines 4--22
\OT1/cmr/m/n/10 also
 []


Overfull \hbox (21.77779pt too wide) in paragraph at lines 4--22
\OT1/cmr/m/n/10 cases
 []


Overfull \hbox (25.58336pt too wide) in paragraph at lines 4--22
\OT1/cmr/m/n/10 where
 []


Overfull \hbox (22.25003pt too wide) in paragraph at lines 4--22
\OT1/cmr/m/n/10 there
 []


Overfull \hbox (6.72223pt too wide) in paragraph at lines 4--22
\OT1/cmr/m/n/10 is
 []


Overfull \hbox (18.61118pt too wide) in paragraph at lines 4--22
\OT1/cmr/m/n/10 only
 []


Overfull \hbox (15.00003pt too wide) in paragraph at lines 4--22
\OT1/cmr/m/n/10 one
 []


Overfull \hbox (15.27779pt too wide) in paragraph at lines 4--22
\OT1/cmr/m/n/10 Ac-
 []


Overfull \hbox (16.77777pt too wide) in paragraph at lines 4--22
\OT1/cmr/m/n/10 cess
 []


Overfull \hbox (26.25006pt too wide) in paragraph at lines 4--22
\OT1/cmr/m/n/10 Point.
 []


Overfull \hbox (17.22224pt too wide) in paragraph at lines 4--22
\OT1/cmr/m/n/10 The
 []


Overfull \hbox (22.50005pt too wide) in paragraph at lines 4--22
\OT1/cmr/m/n/10 num-
 []


Overfull \hbox (14.19447pt too wide) in paragraph at lines 4--22
\OT1/cmr/m/n/10 ber
 []


Overfull \hbox (8.05559pt too wide) in paragraph at lines 4--22
\OT1/cmr/m/n/10 of
 []


Overfull \hbox (16.16669pt too wide) in paragraph at lines 4--22
\OT1/cmr/m/n/10 sta-
 []


Overfull \hbox (21.16672pt too wide) in paragraph at lines 4--22
\OT1/cmr/m/n/10 tions
 []


Overfull \hbox (6.72223pt too wide) in paragraph at lines 4--22
\OT1/cmr/m/n/10 is
 []


Overfull \hbox (19.75005pt too wide) in paragraph at lines 4--22
\OT1/cmr/m/n/10 vari-
 []


Overfull \hbox (17.77782pt too wide) in paragraph at lines 4--22
\OT1/cmr/m/n/10 able
 []


Overfull \hbox (16.11116pt too wide) in paragraph at lines 4--22
\OT1/cmr/m/n/10 and
 []


Overfull \hbox (15.00003pt too wide) in paragraph at lines 4--22
\OT1/cmr/m/n/10 can
 []


Overfull \hbox (10.2778pt too wide) in paragraph at lines 4--22
\OT1/cmr/m/n/10 be
 []


Overfull \hbox (35.27785pt too wide) in paragraph at lines 4--22
\OT1/cmr/m/n/10 changed
 []


Overfull \hbox (26.11115pt too wide) in paragraph at lines 4--22
\OT1/cmr/m/n/10 when-
 []


Overfull \hbox (17.80557pt too wide) in paragraph at lines 4--22
\OT1/cmr/m/n/10 ever
 []


Overfull \hbox (6.66669pt too wide) in paragraph at lines 4--22
\OT1/cmr/m/n/10 it
 []


Overfull \hbox (6.72223pt too wide) in paragraph at lines 4--22
\OT1/cmr/m/n/10 is
 []


Overfull \hbox (30.00005pt too wide) in paragraph at lines 4--22
\OT1/cmr/m/n/10 needed
 []


Overfull \hbox (16.72226pt too wide) in paragraph at lines 4--22
\OT1/cmr/m/n/10 also
 []


Overfull \hbox (22.77782pt too wide) in paragraph at lines 4--22
\OT1/cmr/m/n/10 while
 []


Overfull \hbox (18.38892pt too wide) in paragraph at lines 4--22
\OT1/cmr/m/n/10 sim-
 []


Overfull \hbox (8.8889pt too wide) in paragraph at lines 4--22
\OT1/cmr/m/n/10 u-
 []


Overfull \hbox (11.11113pt too wide) in paragraph at lines 4--22
\OT1/cmr/m/n/10 la-
 []


Overfull \hbox (17.22227pt too wide) in paragraph at lines 4--22
\OT1/cmr/m/n/10 tion
 []


Overfull \hbox (6.72223pt too wide) in paragraph at lines 4--22
\OT1/cmr/m/n/10 is
 []


Overfull \hbox (18.36115pt too wide) in paragraph at lines 4--22
\OT1/cmr/m/n/10 run-
 []


Overfull \hbox (21.66673pt too wide) in paragraph at lines 4--22
\OT1/cmr/m/n/10 ning.
 []


Overfull \hbox (21.52782pt too wide) in paragraph at lines 4--22
\OT1/cmr/m/n/10 Each
 []


Overfull \hbox (26.16673pt too wide) in paragraph at lines 4--22
\OT1/cmr/m/n/10 staion
 []


Overfull \hbox (19.50003pt too wide) in paragraph at lines 4--22
\OT1/cmr/m/n/10 send
 []


Overfull \hbox (19.4445pt too wide) in paragraph at lines 4--22
\OT1/cmr/m/n/10 data
 []


Overfull \hbox (8.88892pt too wide) in paragraph at lines 4--22
\OT1/cmr/m/n/10 to
 []


Overfull \hbox (13.38892pt too wide) in paragraph at lines 4--22
\OT1/cmr/m/n/10 it's
 []


Overfull \hbox (17.50003pt too wide) in paragraph at lines 4--22
\OT1/cmr/m/n/10 own
 []


Overfull \hbox (12.77779pt too wide) in paragraph at lines 4--22
\OT1/cmr/m/n/10 ac-
 []


Overfull \hbox (16.77777pt too wide) in paragraph at lines 4--22
\OT1/cmr/m/n/10 cess
 []


Overfull \hbox (25.55563pt too wide) in paragraph at lines 4--22
\OT1/cmr/m/n/10 point. 
 []


Overfull \hbox (42.53609pt too wide) in paragraph at lines 4--22
| \OT1/cmr/m/n/10 Es-
 []


Overfull \hbox (17.27779pt too wide) in paragraph at lines 4--22
\OT1/cmr/m/n/10 sen-
 []


Overfull \hbox (14.44449pt too wide) in paragraph at lines 4--22
\OT1/cmr/m/n/10 tial
 []


Overfull \hbox (18.36116pt too wide) in paragraph at lines 4--22
\OT1/cmr/m/n/10 part
 []


Overfull \hbox (8.05559pt too wide) in paragraph at lines 4--22
\OT1/cmr/m/n/10 of
 []


Overfull \hbox (13.88892pt too wide) in paragraph at lines 4--22
\OT1/cmr/m/n/10 the
 []


Overfull \hbox (25.8334pt too wide) in paragraph at lines 4--22
\OT1/cmr/m/n/10 topol-
 []


Overfull \hbox (15.27783pt too wide) in paragraph at lines 4--22
\OT1/cmr/m/n/10 ogy
 []


Overfull \hbox (6.72223pt too wide) in paragraph at lines 4--22
\OT1/cmr/m/n/10 is
 []


Overfull \hbox (10.55559pt too wide) in paragraph at lines 4--22
\OT1/cmr/m/n/10 an
 []


Overfull \hbox (11.66669pt too wide) in paragraph at lines 4--22
\OT1/cmr/m/n/10 in-
 []


Overfull \hbox (15.58334pt too wide) in paragraph at lines 4--22
\OT1/cmr/m/n/10 ter-
 []


Overfull \hbox (19.7778pt too wide) in paragraph at lines 4--22
\OT1/cmr/m/n/10 ferer
 []


Overfull \hbox (25.27782pt too wide) in paragraph at lines 4--22
\OT1/cmr/m/n/10 which
 []


Overfull \hbox (6.72223pt too wide) in paragraph at lines 4--22
\OT1/cmr/m/n/10 is
 []


Overfull \hbox (18.33336pt too wide) in paragraph at lines 4--22
\OT1/cmr/m/n/10 con-
 []


Overfull \hbox (13.88892pt too wide) in paragraph at lines 4--22
\OT1/cmr/m/n/10 fig-
 []


Overfull \hbox (19.47226pt too wide) in paragraph at lines 4--22
\OT1/cmr/m/n/10 ured
 []


Overfull \hbox (8.88892pt too wide) in paragraph at lines 4--22
\OT1/cmr/m/n/10 to
 []


Overfull \hbox (13.33336pt too wide) in paragraph at lines 4--22
\OT1/cmr/m/n/10 act
 []


Overfull \hbox (8.94446pt too wide) in paragraph at lines 4--22
\OT1/cmr/m/n/10 as
 []


Overfull \hbox (5.00002pt too wide) in paragraph at lines 4--22
\OT1/cmr/m/n/10 a
 []


Overfull \hbox (19.44447pt too wide) in paragraph at lines 4--22
\OT1/cmr/m/n/10 LTE
 []


Overfull \hbox (18.94447pt too wide) in paragraph at lines 4--22
\OT1/cmr/m/n/10 base
 []


Overfull \hbox (16.16669pt too wide) in paragraph at lines 4--22
\OT1/cmr/m/n/10 sta-
 []


Overfull \hbox (17.22227pt too wide) in paragraph at lines 4--22
\OT1/cmr/m/n/10 tion
 []


Overfull \hbox (16.11116pt too wide) in paragraph at lines 4--22
\OT1/cmr/m/n/10 and
 []


Overfull \hbox (18.33336pt too wide) in paragraph at lines 4--22
\OT1/cmr/m/n/10 gen-
 []


Overfull \hbox (11.69444pt too wide) in paragraph at lines 4--22
\OT1/cmr/m/n/10 er-
 []


Overfull \hbox (13.33336pt too wide) in paragraph at lines 4--22
\OT1/cmr/m/n/10 ate
 []


Overfull \hbox (15.05557pt too wide) in paragraph at lines 4--22
\OT1/cmr/m/n/10 sig-
 []


Overfull \hbox (17.27782pt too wide) in paragraph at lines 4--22
\OT1/cmr/m/n/10 nals
 []


Overfull \hbox (25.27782pt too wide) in paragraph at lines 4--22
\OT1/cmr/m/n/10 which
 []


Overfull \hbox (11.66669pt too wide) in paragraph at lines 4--22
\OT1/cmr/m/n/10 in-
 []


Overfull \hbox (15.58334pt too wide) in paragraph at lines 4--22
\OT1/cmr/m/n/10 ter-
 []


Overfull \hbox (15.86113pt too wide) in paragraph at lines 4--22
\OT1/cmr/m/n/10 fere
 []


Overfull \hbox (19.44449pt too wide) in paragraph at lines 4--22
\OT1/cmr/m/n/10 with
 []


Overfull \hbox (27.77786pt too wide) in paragraph at lines 4--22
\OT1/cmr/m/n/10 802.11
 []


Overfull \hbox (25.63893pt too wide) in paragraph at lines 4--22
\OT1/cmr/m/n/10 trans-
 []


Overfull \hbox (18.38892pt too wide) in paragraph at lines 4--22
\OT1/cmr/m/n/10 mis-
 []


Overfull \hbox (20.0556pt too wide) in paragraph at lines 4--22
\OT1/cmr/m/n/10 sion.
 []


Overfull \hbox (9.16669pt too wide) in paragraph at lines 4--22
\OT1/cmr/m/n/10 In
 []


Overfull \hbox (21.72226pt too wide) in paragraph at lines 4--22
\OT1/cmr/m/n/10 some
 []


Overfull \hbox (16.16666pt too wide) in paragraph at lines 4--22
\OT1/cmr/m/n/10 sce-
 []


Overfull \hbox (17.80559pt too wide) in paragraph at lines 4--22
\OT1/cmr/m/n/10 nar-
 []


Overfull \hbox (11.72224pt too wide) in paragraph at lines 4--22
\OT1/cmr/m/n/10 ios
 []


Overfull \hbox (12.50002pt too wide) in paragraph at lines 4--22
\OT1/cmr/m/n/10 In-
 []


Overfull \hbox (15.58334pt too wide) in paragraph at lines 4--22
\OT1/cmr/m/n/10 ter-
 []


Overfull \hbox (19.7778pt too wide) in paragraph at lines 4--22
\OT1/cmr/m/n/10 ferer
 []


Overfull \hbox (21.44449pt too wide) in paragraph at lines 4--22
\OT1/cmr/m/n/10 must
 []


Overfull \hbox (10.2778pt too wide) in paragraph at lines 4--22
\OT1/cmr/m/n/10 be
 []


Overfull \hbox (13.05557pt too wide) in paragraph at lines 4--22
\OT1/cmr/m/n/10 ex-
 []


Overfull \hbox (28.33339pt too wide) in paragraph at lines 4--22
\OT1/cmr/m/n/10 cluded
 []


Overfull \hbox (8.94446pt too wide) in paragraph at lines 4--22
\OT1/cmr/m/n/10 so
 []


Overfull \hbox (16.11116pt too wide) in paragraph at lines 4--22
\OT1/cmr/m/n/10 and
 []


Overfull \hbox (19.44449pt too wide) in paragraph at lines 4--22
\OT1/cmr/m/n/10 then
 []


Overfull \hbox (13.38892pt too wide) in paragraph at lines 4--22
\OT1/cmr/m/n/10 it's
 []


Overfull \hbox (25.63893pt too wide) in paragraph at lines 4--22
\OT1/cmr/m/n/10 trans-
 []


Overfull \hbox (15.00005pt too wide) in paragraph at lines 4--22
\OT1/cmr/m/n/10 mit
 []


Overfull \hbox (25.86115pt too wide) in paragraph at lines 4--22
\OT1/cmr/m/n/10 power
 []


Overfull \hbox (6.72223pt too wide) in paragraph at lines 4--22
\OT1/cmr/m/n/10 is
 []


Overfull \hbox (13.33334pt too wide) in paragraph at lines 4--22
\OT1/cmr/m/n/10 de-
 []


Overfull \hbox (31.75003pt too wide) in paragraph at lines 4--22
\OT1/cmr/m/n/10 creased
 []


Overfull \hbox (8.88892pt too wide) in paragraph at lines 4--22
\OT1/cmr/m/n/10 to
 []


Overfull \hbox (20.58336pt too wide) in paragraph at lines 4--22
\OT1/cmr/m/n/10 zero.
 []


Overfull \hbox (15.4167pt too wide) in paragraph at lines 4--22
\OT1/cmr/m/n/10 Ba-
 []


Overfull \hbox (11.16667pt too wide) in paragraph at lines 4--22
\OT1/cmr/m/n/10 sic
 []


Overfull \hbox (28.33339pt too wide) in paragraph at lines 4--22
\OT1/cmr/m/n/10 Topol-
 []


Overfull \hbox (15.27783pt too wide) in paragraph at lines 4--22
\OT1/cmr/m/n/10 ogy
 []


Overfull \hbox (6.72223pt too wide) in paragraph at lines 4--22
\OT1/cmr/m/n/10 is
 []


Overfull \hbox (27.00005pt too wide) in paragraph at lines 4--22
\OT1/cmr/m/n/10 shown
 []


Overfull \hbox (8.33336pt too wide) in paragraph at lines 4--22
\OT1/cmr/m/n/10 in
 []


Overfull \hbox (17.63893pt too wide) in paragraph at lines 4--22
\OT1/cmr/m/n/10 Fig-
 []


Overfull \hbox (13.91669pt too wide) in paragraph at lines 4--22
\OT1/cmr/m/n/10 ure
 []


Overfull \hbox (15.5556pt too wide) in paragraph at lines 4--22
\OT1/cmr/m/n/10 3.1.
 []


! LaTeX Error: Missing \begin{document}.

See the LaTeX manual or LaTeX Companion for explanation.
Type  H <return>  for immediate help.
 ...                                              
                                                  
l.23 ...g simulation and specific channel width. }
                                                  
You're in trouble here.  Try typing  <return>  to proceed.
If that doesn't work, type  X <return>  to quit.


! LaTeX Error: Environment figure undefined.

See the LaTeX manual or LaTeX Companion for explanation.
Type  H <return>  for immediate help.
 ...                                              
                                                  
l.24 	\begin{figure}
                    [!ht]
Your command was ignored.
Type  I <command> <return>  to replace it with another command,
or  <return>  to continue without it.

Missing character: There is no [ in font nullfont!
Missing character: There is no ! in font nullfont!
Missing character: There is no h in font nullfont!
Missing character: There is no t in font nullfont!
Missing character: There is no ] in font nullfont!
! Undefined control sequence.
l.25 	\includegraphics
                      [scale=0.5]{Images/SpectrumModel}
The control sequence at the end of the top line
of your error message was never \def'ed. If you have
misspelled it (e.g., `\hobx'), type `I' and the correct
spelling (e.g., `I\hbox'). Otherwise just continue,
and I'll forget about whatever was undefined.

Missing character: There is no [ in font nullfont!
Missing character: There is no s in font nullfont!
Missing character: There is no c in font nullfont!
Missing character: There is no a in font nullfont!
Missing character: There is no l in font nullfont!
Missing character: There is no e in font nullfont!
Missing character: There is no = in font nullfont!
Missing character: There is no 0 in font nullfont!
Missing character: There is no . in font nullfont!
Missing character: There is no 5 in font nullfont!
Missing character: There is no ] in font nullfont!
Missing character: There is no I in font nullfont!
Missing character: There is no m in font nullfont!
Missing character: There is no a in font nullfont!
Missing character: There is no g in font nullfont!
Missing character: There is no e in font nullfont!
Missing character: There is no s in font nullfont!
Missing character: There is no / in font nullfont!
Missing character: There is no S in font nullfont!
Missing character: There is no p in font nullfont!
Missing character: There is no e in font nullfont!
Missing character: There is no c in font nullfont!
Missing character: There is no t in font nullfont!
Missing character: There is no r in font nullfont!
Missing character: There is no u in font nullfont!
Missing character: There is no m in font nullfont!
Missing character: There is no M in font nullfont!
Missing character: There is no o in font nullfont!
Missing character: There is no d in font nullfont!
Missing character: There is no e in font nullfont!
Missing character: There is no l in font nullfont!

! LaTeX Error: \caption outside float.

See the LaTeX manual or LaTeX Companion for explanation.
Type  H <return>  for immediate help.
 ...                                              
                                                  
l.26 	\caption
              {Spectrum generator}
You're in trouble here.  Try typing  <return>  to proceed.
If that doesn't work, type  X <return>  to quit.

Missing character: There is no S in font nullfont!
Missing character: There is no p in font nullfont!
Missing character: There is no e in font nullfont!
Missing character: There is no c in font nullfont!
Missing character: There is no t in font nullfont!
Missing character: There is no r in font nullfont!
Missing character: There is no u in font nullfont!
Missing character: There is no m in font nullfont!
Missing character: There is no g in font nullfont!
Missing character: There is no e in font nullfont!
Missing character: There is no n in font nullfont!
Missing character: There is no e in font nullfont!
Missing character: There is no r in font nullfont!
Missing character: There is no a in font nullfont!
Missing character: There is no t in font nullfont!
Missing character: There is no o in font nullfont!
Missing character: There is no r in font nullfont!

! LaTeX Error: \begin{document} ended by \end{figure}.

See the LaTeX manual or LaTeX Companion for explanation.
Type  H <return>  for immediate help.
 ...                                              
                                                  
l.27 	\end{figure}
                  
Your command was ignored.
Type  I <command> <return>  to replace it with another command,
or  <return>  to continue without it.


! LaTeX Error: \begin{document} ended by \end{subsection}.

See the LaTeX manual or LaTeX Companion for explanation.
Type  H <return>  for immediate help.
 ...                                              
                                                  
l.28 \end{subsection}
                     
Your command was ignored.
Type  I <command> <return>  to replace it with another command,
or  <return>  to continue without it.


Overfull \hbox (51.8653pt too wide) in paragraph at lines 23--29
[]| \OT1/cmr/m/n/10 Fig-
 []


Overfull \hbox (13.91669pt too wide) in paragraph at lines 23--29
\OT1/cmr/m/n/10 ure
 []


Overfull \hbox (12.77782pt too wide) in paragraph at lines 23--29
\OT1/cmr/m/n/10 3.2
 []


Overfull \hbox (25.38892pt too wide) in paragraph at lines 23--29
\OT1/cmr/m/n/10 shows
 []


Overfull \hbox (18.36116pt too wide) in paragraph at lines 23--29
\OT1/cmr/m/n/10 part
 []


Overfull \hbox (8.05559pt too wide) in paragraph at lines 23--29
\OT1/cmr/m/n/10 of
 []


Overfull \hbox (13.88892pt too wide) in paragraph at lines 23--29
\OT1/cmr/m/n/10 the
 []


Overfull \hbox (19.72226pt too wide) in paragraph at lines 23--29
\OT1/cmr/m/n/10 code
 []


Overfull \hbox (25.27782pt too wide) in paragraph at lines 23--29
\OT1/cmr/m/n/10 which
 []


Overfull \hbox (6.72223pt too wide) in paragraph at lines 23--29
\OT1/cmr/m/n/10 is
 []


Overfull \hbox (11.69444pt too wide) in paragraph at lines 23--29
\OT1/cmr/m/n/10 re-
 []


Overfull \hbox (23.66672pt too wide) in paragraph at lines 23--29
\OT1/cmr/m/n/10 spon-
 []


Overfull \hbox (10.05556pt too wide) in paragraph at lines 23--29
\OT1/cmr/m/n/10 si-
 []


Overfull \hbox (12.7778pt too wide) in paragraph at lines 23--29
\OT1/cmr/m/n/10 ble
 []


Overfull \hbox (11.97226pt too wide) in paragraph at lines 23--29
\OT1/cmr/m/n/10 for
 []


Overfull \hbox (18.33336pt too wide) in paragraph at lines 23--29
\OT1/cmr/m/n/10 gen-
 []


Overfull \hbox (11.69444pt too wide) in paragraph at lines 23--29
\OT1/cmr/m/n/10 er-
 []


Overfull \hbox (12.22224pt too wide) in paragraph at lines 23--29
\OT1/cmr/m/n/10 at-
 []


Overfull \hbox (13.33337pt too wide) in paragraph at lines 23--29
\OT1/cmr/m/n/10 ing
 []


Overfull \hbox (17.80559pt too wide) in paragraph at lines 23--29
\OT1/cmr/m/n/10 par-
 []


Overfull \hbox (14.44446pt too wide) in paragraph at lines 23--29
\OT1/cmr/m/n/10 tic-
 []


Overfull \hbox (8.8889pt too wide) in paragraph at lines 23--29
\OT1/cmr/m/n/10 u-
 []


Overfull \hbox (11.69447pt too wide) in paragraph at lines 23--29
\OT1/cmr/m/n/10 lar
 []


Overfull \hbox (14.75002pt too wide) in paragraph at lines 23--29
\OT1/cmr/m/n/10 fre-
 []


Overfull \hbox (30.55562pt too wide) in paragraph at lines 23--29
\OT1/cmr/m/n/10 quency
 []


Overfull \hbox (23.91672pt too wide) in paragraph at lines 23--29
\OT1/cmr/m/n/10 range
 []


Overfull \hbox (25.27782pt too wide) in paragraph at lines 23--29
\OT1/cmr/m/n/10 which
 []


Overfull \hbox (6.72223pt too wide) in paragraph at lines 23--29
\OT1/cmr/m/n/10 is
 []


Overfull \hbox (23.44447pt too wide) in paragraph at lines 23--29
\OT1/cmr/m/n/10 sused
 []


Overfull \hbox (18.36115pt too wide) in paragraph at lines 23--29
\OT1/cmr/m/n/10 dur-
 []


Overfull \hbox (13.33337pt too wide) in paragraph at lines 23--29
\OT1/cmr/m/n/10 ing
 []


Overfull \hbox (18.38892pt too wide) in paragraph at lines 23--29
\OT1/cmr/m/n/10 sim-
 []


Overfull \hbox (8.8889pt too wide) in paragraph at lines 23--29
\OT1/cmr/m/n/10 u-
 []


Overfull \hbox (11.11113pt too wide) in paragraph at lines 23--29
\OT1/cmr/m/n/10 la-
 []


Overfull \hbox (17.22227pt too wide) in paragraph at lines 23--29
\OT1/cmr/m/n/10 tion
 []


Overfull \hbox (16.11116pt too wide) in paragraph at lines 23--29
\OT1/cmr/m/n/10 and
 []


Overfull \hbox (17.55557pt too wide) in paragraph at lines 23--29
\OT1/cmr/m/n/10 spe-
 []


Overfull \hbox (17.22224pt too wide) in paragraph at lines 23--29
\OT1/cmr/m/n/10 cific
 []


Overfull \hbox (23.61115pt too wide) in paragraph at lines 23--29
\OT1/cmr/m/n/10 chan-
 []


Overfull \hbox (12.7778pt too wide) in paragraph at lines 23--29
\OT1/cmr/m/n/10 nel
 []


Overfull \hbox (27.77785pt too wide) in paragraph at lines 23--29
\OT1/cmr/m/n/10 width.
 []

! Undefined control sequence.
l.30 \subsubsection
                   {\hspace*{0.5cm}3.2.3 Input parameters}
The control sequence at the end of the top line
of your error message was never \def'ed. If you have
misspelled it (e.g., `\hobx'), type `I' and the correct
spelling (e.g., `I\hbox'). Otherwise just continue,
and I'll forget about whatever was undefined.


! LaTeX Error: Missing \begin{document}.

See the LaTeX manual or LaTeX Companion for explanation.
Type  H <return>  for immediate help.
 ...                                              
                                                  
l.30 \subsubsection{\hspace*{0.5cm}
                                   3.2.3 Input parameters}
You're in trouble here.  Try typing  <return>  to proceed.
If that doesn't work, type  X <return>  to quit.

Missing character: There is no 3 in font nullfont!
Missing character: There is no . in font nullfont!
Missing character: There is no 2 in font nullfont!
Missing character: There is no . in font nullfont!
Missing character: There is no 3 in font nullfont!
Missing character: There is no I in font nullfont!
Missing character: There is no n in font nullfont!
Missing character: There is no p in font nullfont!
Missing character: There is no u in font nullfont!
Missing character: There is no t in font nullfont!
Missing character: There is no p in font nullfont!
Missing character: There is no a in font nullfont!
Missing character: There is no r in font nullfont!
Missing character: There is no a in font nullfont!
Missing character: There is no m in font nullfont!
Missing character: There is no e in font nullfont!
Missing character: There is no t in font nullfont!
Missing character: There is no e in font nullfont!
Missing character: There is no r in font nullfont!
Missing character: There is no s in font nullfont!
! Undefined control sequence.
l.31 \subsubsection
                   {\hspace*{0.5cm}3.2.4 Flow Monitor}
The control sequence at the end of the top line
of your error message was never \def'ed. If you have
misspelled it (e.g., `\hobx'), type `I' and the correct
spelling (e.g., `I\hbox'). Otherwise just continue,
and I'll forget about whatever was undefined.

Missing character: There is no 3 in font nullfont!
Missing character: There is no . in font nullfont!
Missing character: There is no 2 in font nullfont!
Missing character: There is no . in font nullfont!
Missing character: There is no 4 in font nullfont!
Missing character: There is no F in font nullfont!
Missing character: There is no l in font nullfont!
Missing character: There is no o in font nullfont!
Missing character: There is no w in font nullfont!
Missing character: There is no M in font nullfont!
Missing character: There is no o in font nullfont!
Missing character: There is no n in font nullfont!
Missing character: There is no i in font nullfont!
Missing character: There is no t in font nullfont!
Missing character: There is no o in font nullfont!
Missing character: There is no r in font nullfont!
! Undefined control sequence.
l.32 \subsubsection
                   {\hspace*{0.5cm}3.2.5 Simulation Automation}
The control sequence at the end of the top line
of your error message was never \def'ed. If you have
misspelled it (e.g., `\hobx'), type `I' and the correct
spelling (e.g., `I\hbox'). Otherwise just continue,
and I'll forget about whatever was undefined.

Missing character: There is no 3 in font nullfont!
Missing character: There is no . in font nullfont!
Missing character: There is no 2 in font nullfont!
Missing character: There is no . in font nullfont!
Missing character: There is no 5 in font nullfont!
Missing character: There is no S in font nullfont!
Missing character: There is no i in font nullfont!
Missing character: There is no m in font nullfont!
Missing character: There is no u in font nullfont!
Missing character: There is no l in font nullfont!
Missing character: There is no a in font nullfont!
Missing character: There is no t in font nullfont!
Missing character: There is no i in font nullfont!
Missing character: There is no o in font nullfont!
Missing character: There is no n in font nullfont!
Missing character: There is no A in font nullfont!
Missing character: There is no u in font nullfont!
Missing character: There is no t in font nullfont!
Missing character: There is no o in font nullfont!
Missing character: There is no m in font nullfont!
Missing character: There is no a in font nullfont!
Missing character: There is no t in font nullfont!
Missing character: There is no i in font nullfont!
Missing character: There is no o in font nullfont!
Missing character: There is no n in font nullfont!
! Undefined control sequence.
l.33 \section
             {4. Simulations and Analysis}
The control sequence at the end of the top line
of your error message was never \def'ed. If you have
misspelled it (e.g., `\hobx'), type `I' and the correct
spelling (e.g., `I\hbox'). Otherwise just continue,
and I'll forget about whatever was undefined.

Missing character: There is no 4 in font nullfont!
Missing character: There is no . in font nullfont!
Missing character: There is no S in font nullfont!
Missing character: There is no i in font nullfont!
Missing character: There is no m in font nullfont!
Missing character: There is no u in font nullfont!
Missing character: There is no l in font nullfont!
Missing character: There is no a in font nullfont!
Missing character: There is no t in font nullfont!
Missing character: There is no i in font nullfont!
Missing character: There is no o in font nullfont!
Missing character: There is no n in font nullfont!
Missing character: There is no s in font nullfont!
Missing character: There is no a in font nullfont!
Missing character: There is no n in font nullfont!
Missing character: There is no d in font nullfont!
Missing character: There is no A in font nullfont!
Missing character: There is no n in font nullfont!
Missing character: There is no a in font nullfont!
Missing character: There is no l in font nullfont!
Missing character: There is no y in font nullfont!
Missing character: There is no s in font nullfont!
Missing character: There is no i in font nullfont!
Missing character: There is no s in font nullfont!
! Undefined control sequence.
l.34 \section
             {5. Summary and Conclusions}
The control sequence at the end of the top line
of your error message was never \def'ed. If you have
misspelled it (e.g., `\hobx'), type `I' and the correct
spelling (e.g., `I\hbox'). Otherwise just continue,
and I'll forget about whatever was undefined.

Missing character: There is no 5 in font nullfont!
Missing character: There is no . in font nullfont!
Missing character: There is no S in font nullfont!
Missing character: There is no u in font nullfont!
Missing character: There is no m in font nullfont!
Missing character: There is no m in font nullfont!
Missing character: There is no a in font nullfont!
Missing character: There is no r in font nullfont!
Missing character: There is no y in font nullfont!
Missing character: There is no a in font nullfont!
Missing character: There is no n in font nullfont!
Missing character: There is no d in font nullfont!
Missing character: There is no C in font nullfont!
Missing character: There is no o in font nullfont!
Missing character: There is no n in font nullfont!
Missing character: There is no c in font nullfont!
Missing character: There is no l in font nullfont!
Missing character: There is no u in font nullfont!
Missing character: There is no s in font nullfont!
Missing character: There is no i in font nullfont!
Missing character: There is no o in font nullfont!
Missing character: There is no n in font nullfont!
Missing character: There is no s in font nullfont!
)
! Emergency stop.
<*> content.tex
               
*** (job aborted, no legal \end found)

 
Here is how much of TeX's memory you used:
 11 strings out of 493029
 187 string characters out of 6136234
 69626 words of memory out of 5000000
 3646 multiletter control sequences out of 15000+600000
 3640 words of font info for 14 fonts, out of 8000000 for 9000
 1141 hyphenation exceptions out of 8191
 19i,4n,14p,984b,113s stack positions out of 5000i,500n,10000p,200000b,80000s
!  ==> Fatal error occurred, no output PDF file produced!
